#
# A fatal error has been detected by the Java Runtime Environment:
#
#  SIGSEGV (0xb) at pc=0x00007fa36628ed51, pid=12019, tid=0x00007fa350718700
#
# JRE version: OpenJDK Runtime Environment (8.0_162-b12) (build 1.8.0_162-8u162-b12-0ubuntu0.16.04.2-b12)
# Java VM: OpenJDK 64-Bit Server VM (25.162-b12 mixed mode linux-amd64 compressed oops)
# Problematic frame:
# V  [libjvm.so+0x626d51]
#
# Failed to write core dump. Core dumps have been disabled. To enable core dumping, try "ulimit -c unlimited" before starting Java again
#
# If you would like to submit a bug report, please visit:
#   http://bugreport.java.com/bugreport/crash.jsp
#

---------------  T H R E A D  ---------------

Current thread (0x00007fa360026800):  GCTaskThread [stack: 0x00007fa350618000,0x00007fa350719000] [id=12024]

siginfo: si_signo: 11 (SIGSEGV), si_code: 1 (SEGV_MAPERR), si_addr: 0x000000062bc019c8

Registers:
RAX=0x00007fa366b679e0, RBX=0x00007fa3600fde00, RCX=0x0000000000000003, RDX=0x00007fa33e1e0000
RSP=0x00007fa350717b40, RBP=0x00007fa350717be0, RSI=0x000000062bc019c0, RDI=0x00000000d6b01fa8
R8 =0x00007fa366b8f300, R9 =0x00000000d6b01fa8, R10=0x0000000000000010, R11=0x0000000000000080
R12=0x00000000d833d9f8, R13=0x00000000d6b01fa8, R14=0x00000000d833d858, R15=0x00000000d833d97c
RIP=0x00007fa36628ed51, EFLAGS=0x0000000000010206, CSGSFS=0x002b000000000033, ERR=0x0000000000000004
  TRAPNO=0x000000000000000e

Top of Stack: (sp=0x00007fa350717b40)
0x00007fa350717b40:   00007fa350717be0 00007fa366507f67
0x00007fa350717b50:   0000000000000001 0000000000000064
0x00007fa350717b60:   00007fa3600fde40 0000000000000064
0x00007fa350717b70:   00007fa366b8f300 00007fa366289217
0x00007fa350717b80:   00000000d6a77658 00007fa3600fde40
0x00007fa350717b90:   00000000d833da10 000000010012eb80
0x00007fa350717ba0:   00007fa366b8f300 e03564261347f200
0x00007fa350717bb0:   00007fa350717c20 00007fa366b8b5cc
0x00007fa350717bc0:   0000000000000000 0000000000000001
0x00007fa350717bd0:   00007fa3600fde00 00007fa3600fde00
0x00007fa350717be0:   00007fa350717ce0 00007fa36657f707
0x00007fa350717bf0:   00007fa360027b50 00007fa366b8b5cc
0x00007fa350717c00:   00007fa3600fde90 0000000000000400
0x00007fa350717c10:   0000000000000400 00007fa3600fde10
0x00007fa350717c20:   0000000000000003 00007fa366b859a9
0x00007fa350717c30:   00000000ca888618 00000000ca889628
0x00007fa350717c40:   00007fa3600fde90 00000000d833d858
0x00007fa350717c50:   00000000ca888618 00007fa300000200
0x00007fa350717c60:   0000648d00002c41 00000000c596eb84
0x00007fa350717c70:   0000648e00002c41 00007fa36628955e
0x00007fa350717c80:   00007fa350717ce0 00007fa3600fde40
0x00007fa350717c90:   00000000c596eb60 00000001000bf0b8
0x00007fa350717ca0:   00007fa366b8f300 e03564261347f200
0x00007fa350717cb0:   0000636900002ba7 00007fa3600fde00
0x00007fa350717cc0:   0000000000000000 00007fa350717d64
0x00007fa350717cd0:   0000000000000003 00007fa350717d68
0x00007fa350717ce0:   00007fa350717e00 00007fa36656458d
0x00007fa350717cf0:   00007fa350717d08 00007fa360027170
0x00007fa350717d00:   00007fa350717d68 00007fa350717d64
0x00007fa350717d10:   0000000360027180 00007fa350717d90
0x00007fa350717d20:   0000000000000003 0000000000008000
0x00007fa350717d30:   0000000000006200 00007fa366b859a9 

Instructions: (pc=0x00007fa36628ed51)
0x00007fa36628ed31:   8d 35 61 55 47 00 bf 03 00 00 00 e8 8f 0d 10 00
0x00007fa36628ed41:   eb b5 e8 f8 6f bc ff 31 db e9 d1 fe ff ff 90 55
0x00007fa36628ed51:   8b 4e 08 48 89 f2 48 89 e5 83 f9 00 7e 11 f6 c1
0x00007fa36628ed61:   01 75 0e 89 c8 c1 f8 03 5d c3 0f 1f 44 00 00 75 

Register to memory mapping:

RAX=0x00007fa366b679e0: <offset 0xeff9e0> in /usr/lib/jvm/java-8-openjdk-amd64/jre/lib/amd64/server/libjvm.so at 0x00007fa365c68000
RBX=0x00007fa3600fde00 is an unknown value
RCX=0x0000000000000003 is an unknown value
RDX=0x00007fa33e1e0000 is an unknown value
RSP=0x00007fa350717b40 is an unknown value
RBP=0x00007fa350717be0 is an unknown value
RSI=0x000000062bc019c0 is an unknown value
RDI=0x00000000d6b01fa8 is pointing into object: 0x00000000d6b01e48
[Lcom.agario.utils.Point; 
 - klass: 'com/agario/utils/Point'[]
 - length: 100
R8 =0x00007fa366b8f300: <offset 0xf27300> in /usr/lib/jvm/java-8-openjdk-amd64/jre/lib/amd64/server/libjvm.so at 0x00007fa365c68000
R9 =0x00000000d6b01fa8 is pointing into object: 0x00000000d6b01e48
[Lcom.agario.utils.Point; 
 - klass: 'com/agario/utils/Point'[]
 - length: 100
R10=0x0000000000000010 is an unknown value
R11=0x0000000000000080 is an unknown value
R12=0x00000000d833d9f8 is an oop
scala.collection.mutable.DefaultEntry 
 - klass: 'scala/collection/mutable/DefaultEntry'
R13=0x00000000d6b01fa8 is pointing into object: 0x00000000d6b01e48
[Lcom.agario.utils.Point; 
 - klass: 'com/agario/utils/Point'[]
 - length: 100
R14=0x00000000d833d858 is an oop
[Lcom.agario.utils.Point; 
 - klass: 'com/agario/utils/Point'[]
 - length: 100
R15=0x00000000d833d97c is pointing into object: 0x00000000d833d858
[Lcom.agario.utils.Point; 
 - klass: 'com/agario/utils/Point'[]
 - length: 100


Stack: [0x00007fa350618000,0x00007fa350719000],  sp=0x00007fa350717b40,  free space=1022k
Native frames: (J=compiled Java code, j=interpreted, Vv=VM code, C=native code)
V  [libjvm.so+0x626d51]
V  [libjvm.so+0x917707]
V  [libjvm.so+0x8fc58d]
V  [libjvm.so+0x5a7f82]
V  [libjvm.so+0x8b7222]


---------------  P R O C E S S  ---------------

Java Threads: ( => current thread )
  0x00007fa3602c8800 JavaThread "Service Thread" daemon [_thread_blocked, id=12052, stack(0x00007fa31cbe5000,0x00007fa31cce6000)]
  0x00007fa3602c5800 JavaThread "C1 CompilerThread2" daemon [_thread_blocked, id=12051, stack(0x00007fa31feff000,0x00007fa320000000)]
  0x00007fa3602c1800 JavaThread "C2 CompilerThread1" daemon [_thread_blocked, id=12050, stack(0x00007fa33c0b1000,0x00007fa33c1b2000)]
  0x00007fa3602bf800 JavaThread "C2 CompilerThread0" daemon [_thread_blocked, id=12049, stack(0x00007fa33c1b2000,0x00007fa33c2b3000)]
  0x00007fa3602b4800 JavaThread "Monitor Ctrl-Break" daemon [_thread_in_native, id=12048, stack(0x00007fa33c2b3000,0x00007fa33c3b4000)]
  0x00007fa360175800 JavaThread "Signal Dispatcher" daemon [_thread_blocked, id=12042, stack(0x00007fa33c4c5000,0x00007fa33c5c6000)]
  0x00007fa36014d000 JavaThread "Finalizer" daemon [_thread_blocked, id=12039, stack(0x00007fa33c9d0000,0x00007fa33cad1000)]
  0x00007fa360148800 JavaThread "Reference Handler" daemon [_thread_blocked, id=12037, stack(0x00007fa33cad1000,0x00007fa33cbd2000)]
  0x00007fa36000c800 JavaThread "main" [_thread_blocked, id=12020, stack(0x00007fa3678c1000,0x00007fa3679c2000)]

Other Threads:
  0x00007fa360141000 VMThread [stack: 0x00007fa33cbd2000,0x00007fa33ccd3000] [id=12035]
  0x00007fa3602cb000 WatcherThread [stack: 0x00007fa31cae4000,0x00007fa31cbe5000] [id=12053]

=>0x00007fa360026800 (exited) GCTaskThread [stack: 0x00007fa350618000,0x00007fa350719000] [id=12024]

VM state:at safepoint (normal execution)

VM Mutex/Monitor currently owned by a thread:  ([mutex/lock_event])
[0x00007fa360008b90] Threads_lock - owner thread: 0x00007fa360141000
[0x00007fa360009090] Heap_lock - owner thread: 0x00007fa36000c800

Heap:
 PSYoungGen      total 219136K, used 109568K [0x00000000ebf00000, 0x0000000100000000, 0x0000000100000000)
  eden space 109568K, 100% used [0x00000000ebf00000,0x00000000f2a00000,0x00000000f2a00000)
  from space 109568K, 0% used [0x00000000f2a00000,0x00000000f2a00000,0x00000000f9500000)
  to   space 109568K, 0% used [0x00000000f9500000,0x00000000f9500000,0x0000000100000000)
 ParOldGen       total 658432K, used 658338K [0x00000000c3c00000, 0x00000000ebf00000, 0x00000000ebf00000)
  object space 658432K, 99% used [0x00000000c3c00000,0x00000000ebee8b48,0x00000000ebf00000)
 Metaspace       used 11498K, capacity 11578K, committed 11776K, reserved 1058816K
  class space    used 1653K, capacity 1681K, committed 1792K, reserved 1048576K

Card table byte_map: [0x00007fa350a5d000,0x00007fa350c40000] byte_map_base: 0x00007fa35043f000

Marking Bits: (ParMarkBitMap*) 0x00007fa366b8f300
 Begin Bits: [0x00007fa33e1e0000, 0x00007fa33f0f0000)
 End Bits:   [0x00007fa33f0f0000, 0x00007fa340000000)

Polling page: 0x00007fa3679e3000

CodeCache: size=245760Kb used=6676Kb max_used=6676Kb free=239083Kb
 bounds [0x00007fa351000000, 0x00007fa351690000, 0x00007fa360000000]
 total_blobs=2443 nmethods=2073 adapters=284
 compilation: enabled

Compilation events (10 events):
Event: 142,757 Thread 0x00007fa3602c5800 nmethod 2282 0x00007fa35167cad0 code [0x00007fa35167cc40, 0x00007fa35167cea8]
Event: 142,757 Thread 0x00007fa3602c5800 2279       3       java.lang.CharacterDataLatin1::getPropertiesEx (11 bytes)
Event: 142,757 Thread 0x00007fa3602c5800 nmethod 2279 0x00007fa35168c090 code [0x00007fa35168c200, 0x00007fa35168c390]
Event: 142,758 Thread 0x00007fa3602c5800 2281       3       java.util.Formatter$FormatSpecifier::checkGeneral (114 bytes)
Event: 142,760 Thread 0x00007fa3602c5800 nmethod 2281 0x00007fa35168ac90 code [0x00007fa35168aee0, 0x00007fa35168bc28]
Event: 142,760 Thread 0x00007fa3602c5800 2285       3       sun.misc.FloatingDecimal::toJavaFormatString (10 bytes)
Event: 142,760 Thread 0x00007fa3602c5800 nmethod 2285 0x00007fa35168a790 code [0x00007fa35168a920, 0x00007fa35168ab98]
Event: 142,760 Thread 0x00007fa3602c5800 2286       3       sun.misc.FloatingDecimal::getBinaryToASCIIConverter (6 bytes)
Event: 142,760 Thread 0x00007fa3602c5800 nmethod 2286 0x00007fa35168a410 code [0x00007fa35168a580, 0x00007fa35168a6e8]
Event: 142,760 Thread 0x00007fa3602c5800 2287       3       sun.misc.FloatingDecimal::getBinaryToASCIIConverter (183 bytes)

GC Heap History (10 events):
Event: 131,421 GC heap after
Heap after GC invocations=75 (full 42):
 PSYoungGen      total 219136K, used 81064K [0x00000000ebf00000, 0x0000000100000000, 0x0000000100000000)
  eden space 109568K, 73% used [0x00000000ebf00000,0x00000000f0e2a3b8,0x00000000f2a00000)
  from space 109568K, 0% used [0x00000000f2a00000,0x00000000f2a00000,0x00000000f9500000)
  to   space 109568K, 0% used [0x00000000f9500000,0x00000000f9500000,0x0000000100000000)
 ParOldGen       total 658432K, used 658341K [0x00000000c3c00000, 0x00000000ebf00000, 0x00000000ebf00000)
  object space 658432K, 99% used [0x00000000c3c00000,0x00000000ebee9418,0x00000000ebf00000)
 Metaspace       used 11490K, capacity 11578K, committed 11776K, reserved 1058816K
  class space    used 1653K, capacity 1681K, committed 1792K, reserved 1048576K
}
Event: 131,662 GC heap before
{Heap before GC invocations=76 (full 43):
 PSYoungGen      total 219136K, used 109568K [0x00000000ebf00000, 0x0000000100000000, 0x0000000100000000)
  eden space 109568K, 100% used [0x00000000ebf00000,0x00000000f2a00000,0x00000000f2a00000)
  from space 109568K, 0% used [0x00000000f2a00000,0x00000000f2a00000,0x00000000f9500000)
  to   space 109568K, 0% used [0x00000000f9500000,0x00000000f9500000,0x0000000100000000)
 ParOldGen       total 658432K, used 658341K [0x00000000c3c00000, 0x00000000ebf00000, 0x00000000ebf00000)
  object space 658432K, 99% used [0x00000000c3c00000,0x00000000ebee9418,0x00000000ebf00000)
 Metaspace       used 11492K, capacity 11578K, committed 11776K, reserved 1058816K
  class space    used 1653K, capacity 1681K, committed 1792K, reserved 1048576K
Event: 134,615 GC heap after
Heap after GC invocations=76 (full 43):
 PSYoungGen      total 219136K, used 81161K [0x00000000ebf00000, 0x0000000100000000, 0x0000000100000000)
  eden space 109568K, 74% used [0x00000000ebf00000,0x00000000f0e42658,0x00000000f2a00000)
  from space 109568K, 0% used [0x00000000f2a00000,0x00000000f2a00000,0x00000000f9500000)
  to   space 109568K, 0% used [0x00000000f9500000,0x00000000f9500000,0x0000000100000000)
 ParOldGen       total 658432K, used 658340K [0x00000000c3c00000, 0x00000000ebf00000, 0x00000000ebf00000)
  object space 658432K, 99% used [0x00000000c3c00000,0x00000000ebee9178,0x00000000ebf00000)
 Metaspace       used 11492K, capacity 11578K, committed 11776K, reserved 1058816K
  class space    used 1653K, capacity 1681K, committed 1792K, reserved 1048576K
}
Event: 134,676 GC heap before
{Heap before GC invocations=77 (full 44):
 PSYoungGen      total 219136K, used 109568K [0x00000000ebf00000, 0x0000000100000000, 0x0000000100000000)
  eden space 109568K, 100% used [0x00000000ebf00000,0x00000000f2a00000,0x00000000f2a00000)
  from space 109568K, 0% used [0x00000000f2a00000,0x00000000f2a00000,0x00000000f9500000)
  to   space 109568K, 0% used [0x00000000f9500000,0x00000000f9500000,0x0000000100000000)
 ParOldGen       total 658432K, used 658340K [0x00000000c3c00000, 0x00000000ebf00000, 0x00000000ebf00000)
  object space 658432K, 99% used [0x00000000c3c00000,0x00000000ebee9178,0x00000000ebf00000)
 Metaspace       used 11492K, capacity 11578K, committed 11776K, reserved 1058816K
  class space    used 1653K, capacity 1681K, committed 1792K, reserved 1048576K
Event: 136,097 GC heap after
Heap after GC invocations=77 (full 44):
 PSYoungGen      total 219136K, used 81375K [0x00000000ebf00000, 0x0000000100000000, 0x0000000100000000)
  eden space 109568K, 74% used [0x00000000ebf00000,0x00000000f0e77c08,0x00000000f2a00000)
  from space 109568K, 0% used [0x00000000f2a00000,0x00000000f2a00000,0x00000000f9500000)
  to   space 109568K, 0% used [0x00000000f9500000,0x00000000f9500000,0x0000000100000000)
 ParOldGen       total 658432K, used 658340K [0x00000000c3c00000, 0x00000000ebf00000, 0x00000000ebf00000)
  object space 658432K, 99% used [0x00000000c3c00000,0x00000000ebee9178,0x00000000ebf00000)
 Metaspace       used 11492K, capacity 11578K, committed 11776K, reserved 1058816K
  class space    used 1653K, capacity 1681K, committed 1792K, reserved 1048576K
}
Event: 136,427 GC heap before
{Heap before GC invocations=78 (full 45):
 PSYoungGen      total 219136K, used 109568K [0x00000000ebf00000, 0x0000000100000000, 0x0000000100000000)
  eden space 109568K, 100% used [0x00000000ebf00000,0x00000000f2a00000,0x00000000f2a00000)
  from space 109568K, 0% used [0x00000000f2a00000,0x00000000f2a00000,0x00000000f9500000)
  to   space 109568K, 0% used [0x00000000f9500000,0x00000000f9500000,0x0000000100000000)
 ParOldGen       total 658432K, used 658340K [0x00000000c3c00000, 0x00000000ebf00000, 0x00000000ebf00000)
  object space 658432K, 99% used [0x00000000c3c00000,0x00000000ebee9178,0x00000000ebf00000)
 Metaspace       used 11495K, capacity 11578K, committed 11776K, reserved 1058816K
  class space    used 1653K, capacity 1681K, committed 1792K, reserved 1048576K
Event: 139,402 GC heap after
Heap after GC invocations=78 (full 45):
 PSYoungGen      total 219136K, used 79476K [0x00000000ebf00000, 0x0000000100000000, 0x0000000100000000)
  eden space 109568K, 72% used [0x00000000ebf00000,0x00000000f0c9d3d8,0x00000000f2a00000)
  from space 109568K, 0% used [0x00000000f2a00000,0x00000000f2a00000,0x00000000f9500000)
  to   space 109568K, 0% used [0x00000000f9500000,0x00000000f9500000,0x0000000100000000)
 ParOldGen       total 658432K, used 658339K [0x00000000c3c00000, 0x00000000ebf00000, 0x00000000ebf00000)
  object space 658432K, 99% used [0x00000000c3c00000,0x00000000ebee8de8,0x00000000ebf00000)
 Metaspace       used 11495K, capacity 11578K, committed 11776K, reserved 1058816K
  class space    used 1653K, capacity 1681K, committed 1792K, reserved 1048576K
}
Event: 139,498 GC heap before
{Heap before GC invocations=79 (full 46):
 PSYoungGen      total 219136K, used 109568K [0x00000000ebf00000, 0x0000000100000000, 0x0000000100000000)
  eden space 109568K, 100% used [0x00000000ebf00000,0x00000000f2a00000,0x00000000f2a00000)
  from space 109568K, 0% used [0x00000000f2a00000,0x00000000f2a00000,0x00000000f9500000)
  to   space 109568K, 0% used [0x00000000f9500000,0x00000000f9500000,0x0000000100000000)
 ParOldGen       total 658432K, used 658339K [0x00000000c3c00000, 0x00000000ebf00000, 0x00000000ebf00000)
  object space 658432K, 99% used [0x00000000c3c00000,0x00000000ebee8de8,0x00000000ebf00000)
 Metaspace       used 11495K, capacity 11578K, committed 11776K, reserved 1058816K
  class space    used 1653K, capacity 1681K, committed 1792K, reserved 1048576K
Event: 142,590 GC heap after
Heap after GC invocations=79 (full 46):
 PSYoungGen      total 219136K, used 81260K [0x00000000ebf00000, 0x0000000100000000, 0x0000000100000000)
  eden space 109568K, 74% used [0x00000000ebf00000,0x00000000f0e5b1d8,0x00000000f2a00000)
  from space 109568K, 0% used [0x00000000f2a00000,0x00000000f2a00000,0x00000000f9500000)
  to   space 109568K, 0% used [0x00000000f9500000,0x00000000f9500000,0x0000000100000000)
 ParOldGen       total 658432K, used 658338K [0x00000000c3c00000, 0x00000000ebf00000, 0x00000000ebf00000)
  object space 658432K, 99% used [0x00000000c3c00000,0x00000000ebee8b48,0x00000000ebf00000)
 Metaspace       used 11495K, capacity 11578K, committed 11776K, reserved 1058816K
  class space    used 1653K, capacity 1681K, committed 1792K, reserved 1048576K
}
Event: 142,762 GC heap before
{Heap before GC invocations=80 (full 47):
 PSYoungGen      total 219136K, used 109568K [0x00000000ebf00000, 0x0000000100000000, 0x0000000100000000)
  eden space 109568K, 100% used [0x00000000ebf00000,0x00000000f2a00000,0x00000000f2a00000)
  from space 109568K, 0% used [0x00000000f2a00000,0x00000000f2a00000,0x00000000f9500000)
  to   space 109568K, 0% used [0x00000000f9500000,0x00000000f9500000,0x0000000100000000)
 ParOldGen       total 658432K, used 658338K [0x00000000c3c00000, 0x00000000ebf00000, 0x00000000ebf00000)
  object space 658432K, 99% used [0x00000000c3c00000,0x00000000ebee8b48,0x00000000ebf00000)
 Metaspace       used 11498K, capacity 11578K, committed 11776K, reserved 1058816K
  class space    used 1653K, capacity 1681K, committed 1792K, reserved 1048576K

Deoptimization events (10 events):
Event: 74,879 Thread 0x00007fa36000c800 Uncommon trap: reason=unstable_if action=reinterpret pc=0x00007fa3514b6938 method=com.agario.navigation.BaseField.pointCell(Lcom/agario/utils/Point;)Lcom/agario/utils/Point; @ 29
Event: 78,433 Thread 0x00007fa36000c800 Uncommon trap: reason=class_check action=maybe_recompile pc=0x00007fa3512bfdac method=scala.collection.mutable.HashTable$class.elemEquals(Lscala/collection/mutable/HashTable;Ljava/lang/Object;Ljava/lang/Object;)Z @ 55
Event: 85,376 Thread 0x00007fa36000c800 Uncommon trap: reason=class_check action=maybe_recompile pc=0x00007fa3513d117c method=scala.collection.immutable.HashSet$HashTrieSet.get0(Ljava/lang/Object;II)Z @ 37
Event: 85,376 Thread 0x00007fa36000c800 Uncommon trap: reason=class_check action=maybe_recompile pc=0x00007fa3513d117c method=scala.collection.immutable.HashSet$HashTrieSet.get0(Ljava/lang/Object;II)Z @ 37
Event: 85,376 Thread 0x00007fa36000c800 Uncommon trap: reason=class_check action=maybe_recompile pc=0x00007fa3513d117c method=scala.collection.immutable.HashSet$HashTrieSet.get0(Ljava/lang/Object;II)Z @ 37
Event: 85,376 Thread 0x00007fa36000c800 Uncommon trap: reason=class_check action=maybe_recompile pc=0x00007fa3513d117c method=scala.collection.immutable.HashSet$HashTrieSet.get0(Ljava/lang/Object;II)Z @ 37
Event: 85,376 Thread 0x00007fa36000c800 Uncommon trap: reason=class_check action=maybe_recompile pc=0x00007fa3513d7b3c method=scala.collection.immutable.HashSet$HashTrieSet.get0(Ljava/lang/Object;II)Z @ 37
Event: 85,376 Thread 0x00007fa36000c800 Uncommon trap: reason=class_check action=maybe_recompile pc=0x00007fa3513e645c method=scala.collection.immutable.HashSet$HashTrieSet.get0(Ljava/lang/Object;II)Z @ 37
Event: 85,376 Thread 0x00007fa36000c800 Uncommon trap: reason=class_check action=maybe_recompile pc=0x00007fa3513c416c method=scala.collection.immutable.HashSet$HashTrieSet.get0(Ljava/lang/Object;II)Z @ 37
Event: 139,403 Thread 0x00007fa36000c800 Uncommon trap: reason=class_check action=maybe_recompile pc=0x00007fa351311368 method=scala.runtime.ScalaRunTime$.hash(Ljava/lang/Object;)I @ 26

Classes redefined (0 events):
No events

Internal exceptions (10 events):
Event: 0,453 Thread 0x00007fa36000c800 Exception <a 'java/lang/NoSuchMethodError': Method sun.misc.Unsafe.defineClass(Ljava/lang/String;[BII)Ljava/lang/Class; name or signature does not match> (0x00000000ebf07ca0) thrown at [/build/openjdk-8-OdO8jS/openjdk-8-8u162-b12/src/hotspot/src/share/vm/
Event: 0,453 Thread 0x00007fa36000c800 Exception <a 'java/lang/NoSuchMethodError': Method sun.misc.Unsafe.prefetchRead(Ljava/lang/Object;J)V name or signature does not match> (0x00000000ebf07f88) thrown at [/build/openjdk-8-OdO8jS/openjdk-8-8u162-b12/src/hotspot/src/share/vm/prims/jni.cpp, lin
Event: 1,581 Thread 0x00007fa36000c800 Exception <a 'java/security/PrivilegedActionException'> (0x00000000ec2ac740) thrown at [/build/openjdk-8-OdO8jS/openjdk-8-8u162-b12/src/hotspot/src/share/vm/prims/jvm.cpp, line 1390]
Event: 1,582 Thread 0x00007fa36000c800 Exception <a 'java/security/PrivilegedActionException'> (0x00000000ec2ac950) thrown at [/build/openjdk-8-OdO8jS/openjdk-8-8u162-b12/src/hotspot/src/share/vm/prims/jvm.cpp, line 1390]
Event: 1,582 Thread 0x00007fa36000c800 Exception <a 'java/security/PrivilegedActionException'> (0x00000000ec2ae9d8) thrown at [/build/openjdk-8-OdO8jS/openjdk-8-8u162-b12/src/hotspot/src/share/vm/prims/jvm.cpp, line 1390]
Event: 1,582 Thread 0x00007fa36000c800 Exception <a 'java/security/PrivilegedActionException'> (0x00000000ec2aebe8) thrown at [/build/openjdk-8-OdO8jS/openjdk-8-8u162-b12/src/hotspot/src/share/vm/prims/jvm.cpp, line 1390]
Event: 1,582 Thread 0x00007fa36000c800 Exception <a 'java/security/PrivilegedActionException'> (0x00000000ec2af6c0) thrown at [/build/openjdk-8-OdO8jS/openjdk-8-8u162-b12/src/hotspot/src/share/vm/prims/jvm.cpp, line 1390]
Event: 1,582 Thread 0x00007fa36000c800 Exception <a 'java/security/PrivilegedActionException'> (0x00000000ec2af8d0) thrown at [/build/openjdk-8-OdO8jS/openjdk-8-8u162-b12/src/hotspot/src/share/vm/prims/jvm.cpp, line 1390]
Event: 2,164 Thread 0x00007fa36000c800 Exception <a 'java/io/FileNotFoundException'> (0x00000000ec471d00) thrown at [/build/openjdk-8-OdO8jS/openjdk-8-8u162-b12/src/hotspot/src/share/vm/prims/jni.cpp, line 709]
Event: 51,572 Thread 0x00007fa36000c800 Exception <a 'java/lang/NoSuchMethodError': org.slf4j.impl.StaticMDCBinder.getSingleton()Lorg/slf4j/impl/StaticMDCBinder;> (0x00000000f263ccf0) thrown at [/build/openjdk-8-OdO8jS/openjdk-8-8u162-b12/src/hotspot/src/share/vm/interpreter/linkResolver.cpp, l

Events (10 events):
Event: 139,411 Thread 0x00007fa36000c800 DEOPT UNPACKING pc=0x00007fa3510474c4 sp=0x00007fa3679bf7c8 mode 0
Event: 139,421 Thread 0x00007fa36000c800 DEOPT PACKING pc=0x00007fa351686088 sp=0x00007fa3679bfef0
Event: 139,421 Thread 0x00007fa36000c800 DEOPT UNPACKING pc=0x00007fa3510474c4 sp=0x00007fa3679bfc78 mode 0
Event: 139,422 Thread 0x00007fa36000c800 DEOPT PACKING pc=0x00007fa351686088 sp=0x00007fa3679bfef0
Event: 139,422 Thread 0x00007fa36000c800 DEOPT UNPACKING pc=0x00007fa3510474c4 sp=0x00007fa3679bfc78 mode 0
Event: 139,430 Thread 0x00007fa36000c800 DEOPT PACKING pc=0x00007fa351686088 sp=0x00007fa3679bfe90
Event: 139,430 Thread 0x00007fa36000c800 DEOPT UNPACKING pc=0x00007fa3510474c4 sp=0x00007fa3679bfc18 mode 0
Event: 139,498 Executing VM operation: ParallelGCFailedAllocation
Event: 142,590 Executing VM operation: ParallelGCFailedAllocation done
Event: 142,761 Executing VM operation: ParallelGCFailedAllocation


Dynamic libraries:
00400000-00401000 r-xp 00000000 08:01 13503654                           /usr/lib/jvm/java-8-openjdk-amd64/jre/bin/java
00600000-00601000 r--p 00000000 08:01 13503654                           /usr/lib/jvm/java-8-openjdk-amd64/jre/bin/java
00601000-00602000 rw-p 00001000 08:01 13503654                           /usr/lib/jvm/java-8-openjdk-amd64/jre/bin/java
01071000-01092000 rw-p 00000000 00:00 0                                  [heap]
c3c00000-ebf00000 rw-p 00000000 00:00 0 
ebf00000-100000000 rw-p 00000000 00:00 0 
100000000-1001c0000 rw-p 00000000 00:00 0 
1001c0000-140000000 ---p 00000000 00:00 0 
7fa310000000-7fa310021000 rw-p 00000000 00:00 0 
7fa310021000-7fa314000000 ---p 00000000 00:00 0 
7fa314000000-7fa314021000 rw-p 00000000 00:00 0 
7fa314021000-7fa318000000 ---p 00000000 00:00 0 
7fa318000000-7fa31853d000 rw-p 00000000 00:00 0 
7fa31853d000-7fa31c000000 ---p 00000000 00:00 0 
7fa31c8e4000-7fa31caa4000 rw-p 00000000 00:00 0 
7fa31caa4000-7fa31cae4000 ---p 00000000 00:00 0 
7fa31cae4000-7fa31cae5000 ---p 00000000 00:00 0 
7fa31cae5000-7fa31cbe5000 rw-p 00000000 00:00 0 
7fa31cbe5000-7fa31cbe8000 ---p 00000000 00:00 0 
7fa31cbe8000-7fa31fce7000 rw-p 00000000 00:00 0 
7fa31fce7000-7fa31fcfd000 r-xp 00000000 08:01 13503624                   /usr/lib/jvm/java-8-openjdk-amd64/jre/lib/amd64/libnet.so
7fa31fcfd000-7fa31fefd000 ---p 00016000 08:01 13503624                   /usr/lib/jvm/java-8-openjdk-amd64/jre/lib/amd64/libnet.so
7fa31fefd000-7fa31fefe000 r--p 00016000 08:01 13503624                   /usr/lib/jvm/java-8-openjdk-amd64/jre/lib/amd64/libnet.so
7fa31fefe000-7fa31feff000 rw-p 00017000 08:01 13503624                   /usr/lib/jvm/java-8-openjdk-amd64/jre/lib/amd64/libnet.so
7fa31feff000-7fa31ff02000 ---p 00000000 00:00 0 
7fa31ff02000-7fa320000000 rw-p 00000000 00:00 0 
7fa320000000-7fa320a35000 rw-p 00000000 00:00 0 
7fa320a35000-7fa324000000 ---p 00000000 00:00 0 
7fa324000000-7fa324a9e000 rw-p 00000000 00:00 0 
7fa324a9e000-7fa328000000 ---p 00000000 00:00 0 
7fa328000000-7fa328021000 rw-p 00000000 00:00 0 
7fa328021000-7fa32c000000 ---p 00000000 00:00 0 
7fa32c000000-7fa32c023000 rw-p 00000000 00:00 0 
7fa32c023000-7fa330000000 ---p 00000000 00:00 0 
7fa330000000-7fa330021000 rw-p 00000000 00:00 0 
7fa330021000-7fa334000000 ---p 00000000 00:00 0 
7fa334000000-7fa334021000 rw-p 00000000 00:00 0 
7fa334021000-7fa338000000 ---p 00000000 00:00 0 
7fa338000000-7fa33803a000 rw-p 00000000 00:00 0 
7fa33803a000-7fa33c000000 ---p 00000000 00:00 0 
7fa33c0b1000-7fa33c0b4000 ---p 00000000 00:00 0 
7fa33c0b4000-7fa33c1b2000 rw-p 00000000 00:00 0 
7fa33c1b2000-7fa33c1b5000 ---p 00000000 00:00 0 
7fa33c1b5000-7fa33c2b3000 rw-p 00000000 00:00 0 
7fa33c2b3000-7fa33c2b6000 ---p 00000000 00:00 0 
7fa33c2b6000-7fa33c3b4000 rw-p 00000000 00:00 0 
7fa33c3b4000-7fa33c3b6000 r--s 0001a000 08:01 8925732                    /home/lookuut/Downloads/idea-IC-173.4301.25/lib/idea_rt.jar
7fa33c3b6000-7fa33c3b8000 r--s 00009000 08:01 9963721                    /home/lookuut/.ivy2/cache/org.slf4j/slf4j-api/jars/slf4j-api-1.7.25.jar
7fa33c3b8000-7fa33c404000 r--s 003f3000 08:01 9964264                    /home/lookuut/.ivy2/cache/org.scala-lang/scala-reflect/jars/scala-reflect-2.11.6.jar
7fa33c404000-7fa33c45d000 r--s 004f6000 08:01 9964261                    /home/lookuut/.ivy2/cache/org.scala-lang/scala-library/jars/scala-library-2.11.6.jar
7fa33c45d000-7fa33c46e000 r--s 0008a000 08:01 11667732                   /home/lookuut/.ivy2/cache/joda-time/joda-time/jars/joda-time-2.9.9.jar
7fa33c46e000-7fa33c48c000 r--s 00193000 08:01 16518738                   /home/lookuut/.ivy2/cache/com.rojoma/rojoma-json-v3_2.11/jars/rojoma-json-v3_2.11-3.8.0.jar
7fa33c48c000-7fa33c497000 r--s 00069000 08:01 16914483                   /home/lookuut/.ivy2/cache/ch.qos.logback/logback-core/jars/logback-core-1.2.3.jar
7fa33c497000-7fa33c4aa000 r--s 00346000 08:01 13503639                   /usr/lib/jvm/java-8-openjdk-amd64/jre/lib/resources.jar
7fa33c4aa000-7fa33c4c5000 r--s 00394000 08:01 13503579                   /usr/lib/jvm/java-8-openjdk-amd64/jre/lib/ext/cldrdata.jar
7fa33c4c5000-7fa33c4c8000 ---p 00000000 00:00 0 
7fa33c4c8000-7fa33c5c6000 rw-p 00000000 00:00 0 
7fa33c5c6000-7fa33c9d0000 r--p 00000000 08:01 13369536                   /usr/lib/locale/locale-archive
7fa33c9d0000-7fa33c9d3000 ---p 00000000 00:00 0 
7fa33c9d3000-7fa33cad1000 rw-p 00000000 00:00 0 
7fa33cad1000-7fa33cad4000 ---p 00000000 00:00 0 
7fa33cad4000-7fa33cbd2000 rw-p 00000000 00:00 0 
7fa33cbd2000-7fa33cbd3000 ---p 00000000 00:00 0 
7fa33cbd3000-7fa340000000 rw-p 00000000 00:00 0 
7fa340000000-7fa340021000 rw-p 00000000 00:00 0 
7fa340021000-7fa344000000 ---p 00000000 00:00 0 
7fa344000000-7fa344021000 rw-p 00000000 00:00 0 
7fa344021000-7fa348000000 ---p 00000000 00:00 0 
7fa348000000-7fa348021000 rw-p 00000000 00:00 0 
7fa348021000-7fa34c000000 ---p 00000000 00:00 0 
7fa34c000000-7fa34c021000 rw-p 00000000 00:00 0 
7fa34c021000-7fa350000000 ---p 00000000 00:00 0 
7fa350000000-7fa350002000 r--s 00012000 08:01 11798569                   /home/lookuut/.ivy2/cache/com.typesafe.scala-logging/scala-logging_2.11/bundles/scala-logging_2.11-3.8.0.jar
7fa350002000-7fa350008000 r--s 00041000 08:01 16914484                   /home/lookuut/.ivy2/cache/ch.qos.logback/logback-classic/jars/logback-classic-1.2.3.jar
7fa350008000-7fa35000d000 r--s 0009d000 08:01 13503599                   /usr/lib/jvm/java-8-openjdk-amd64/jre/lib/jsse.jar
7fa35000d000-7fa350010000 r--s 00015000 08:01 13503641                   /usr/lib/jvm/java-8-openjdk-amd64/jre/lib/jce.jar
7fa350010000-7fa350015000 r--s 002f9000 08:01 13503594                   /usr/lib/jvm/java-8-openjdk-amd64/jre/lib/charsets.jar
7fa350015000-7fa350018000 r--s 0000f000 08:01 13503569                   /usr/lib/jvm/java-8-openjdk-amd64/jre/lib/ext/icedtea-sound.jar
7fa350018000-7fa350268000 rw-p 00000000 00:00 0 
7fa350268000-7fa350436000 r--s 03c2c000 08:01 13503598                   /usr/lib/jvm/java-8-openjdk-amd64/jre/lib/rt.jar
7fa350436000-7fa350618000 rw-p 00000000 00:00 0 
7fa350618000-7fa350619000 ---p 00000000 00:00 0 
7fa350619000-7fa350719000 rw-p 00000000 00:00 0 
7fa350719000-7fa35071a000 ---p 00000000 00:00 0 
7fa35071a000-7fa35081a000 rw-p 00000000 00:00 0 
7fa35081a000-7fa35081b000 ---p 00000000 00:00 0 
7fa35081b000-7fa350a5d000 rw-p 00000000 00:00 0 
7fa350a5d000-7fa350b9e000 rw-p 00000000 00:00 0 
7fa350b9e000-7fa350c3f000 rw-p 00000000 00:00 0 
7fa350c3f000-7fa350c5b000 rw-p 00000000 00:00 0 
7fa350c5b000-7fa351000000 ---p 00000000 00:00 0 
7fa351000000-7fa351690000 rwxp 00000000 00:00 0 
7fa351690000-7fa360000000 ---p 00000000 00:00 0 
7fa360000000-7fa360561000 rw-p 00000000 00:00 0 
7fa360561000-7fa364000000 ---p 00000000 00:00 0 
7fa364000000-7fa364005000 r--s 0003b000 08:01 13503570                   /usr/lib/jvm/java-8-openjdk-amd64/jre/lib/ext/sunjce_provider.jar
7fa364005000-7fa36400f000 r--s 00116000 08:01 13503568                   /usr/lib/jvm/java-8-openjdk-amd64/jre/lib/ext/localedata.jar
7fa36400f000-7fa36402a000 r--s 001d6000 08:01 13503581                   /usr/lib/jvm/java-8-openjdk-amd64/jre/lib/ext/nashorn.jar
7fa36402a000-7fa36402b000 ---p 00000000 00:00 0 
7fa36402b000-7fa36412b000 rw-p 00000000 00:00 0 
7fa36412b000-7fa364133000 r-xp 00000000 08:01 13503611                   /usr/lib/jvm/java-8-openjdk-amd64/jre/lib/amd64/libzip.so
7fa364133000-7fa364332000 ---p 00008000 08:01 13503611                   /usr/lib/jvm/java-8-openjdk-amd64/jre/lib/amd64/libzip.so
7fa364332000-7fa364333000 r--p 00007000 08:01 13503611                   /usr/lib/jvm/java-8-openjdk-amd64/jre/lib/amd64/libzip.so
7fa364333000-7fa364334000 rw-p 00008000 08:01 13503611                   /usr/lib/jvm/java-8-openjdk-amd64/jre/lib/amd64/libzip.so
7fa364334000-7fa36433f000 r-xp 00000000 08:01 6029410                    /lib/x86_64-linux-gnu/libnss_files-2.23.so
7fa36433f000-7fa36453e000 ---p 0000b000 08:01 6029410                    /lib/x86_64-linux-gnu/libnss_files-2.23.so
7fa36453e000-7fa36453f000 r--p 0000a000 08:01 6029410                    /lib/x86_64-linux-gnu/libnss_files-2.23.so
7fa36453f000-7fa364540000 rw-p 0000b000 08:01 6029410                    /lib/x86_64-linux-gnu/libnss_files-2.23.so
7fa364540000-7fa364546000 rw-p 00000000 00:00 0 
7fa364546000-7fa364551000 r-xp 00000000 08:01 6033891                    /lib/x86_64-linux-gnu/libnss_nis-2.23.so
7fa364551000-7fa364750000 ---p 0000b000 08:01 6033891                    /lib/x86_64-linux-gnu/libnss_nis-2.23.so
7fa364750000-7fa364751000 r--p 0000a000 08:01 6033891                    /lib/x86_64-linux-gnu/libnss_nis-2.23.so
7fa364751000-7fa364752000 rw-p 0000b000 08:01 6033891                    /lib/x86_64-linux-gnu/libnss_nis-2.23.so
7fa364752000-7fa364768000 r-xp 00000000 08:01 6029326                    /lib/x86_64-linux-gnu/libnsl-2.23.so
7fa364768000-7fa364967000 ---p 00016000 08:01 6029326                    /lib/x86_64-linux-gnu/libnsl-2.23.so
7fa364967000-7fa364968000 r--p 00015000 08:01 6029326                    /lib/x86_64-linux-gnu/libnsl-2.23.so
7fa364968000-7fa364969000 rw-p 00016000 08:01 6029326                    /lib/x86_64-linux-gnu/libnsl-2.23.so
7fa364969000-7fa36496b000 rw-p 00000000 00:00 0 
7fa36496b000-7fa364973000 r-xp 00000000 08:01 6029405                    /lib/x86_64-linux-gnu/libnss_compat-2.23.so
7fa364973000-7fa364b72000 ---p 00008000 08:01 6029405                    /lib/x86_64-linux-gnu/libnss_compat-2.23.so
7fa364b72000-7fa364b73000 r--p 00007000 08:01 6029405                    /lib/x86_64-linux-gnu/libnss_compat-2.23.so
7fa364b73000-7fa364b74000 rw-p 00008000 08:01 6029405                    /lib/x86_64-linux-gnu/libnss_compat-2.23.so
7fa364b74000-7fa364b7e000 r-xp 00000000 08:01 13503601                   /usr/lib/jvm/java-8-openjdk-amd64/jre/lib/amd64/libinstrument.so
7fa364b7e000-7fa364d7d000 ---p 0000a000 08:01 13503601                   /usr/lib/jvm/java-8-openjdk-amd64/jre/lib/amd64/libinstrument.so
7fa364d7d000-7fa364d7e000 r--p 00009000 08:01 13503601                   /usr/lib/jvm/java-8-openjdk-amd64/jre/lib/amd64/libinstrument.so
7fa364d7e000-7fa364d7f000 rw-p 0000a000 08:01 13503601                   /usr/lib/jvm/java-8-openjdk-amd64/jre/lib/amd64/libinstrument.so
7fa364d7f000-7fa364dac000 r-xp 00000000 08:01 13503614                   /usr/lib/jvm/java-8-openjdk-amd64/jre/lib/amd64/libjava.so
7fa364dac000-7fa364fab000 ---p 0002d000 08:01 13503614                   /usr/lib/jvm/java-8-openjdk-amd64/jre/lib/amd64/libjava.so
7fa364fab000-7fa364fac000 r--p 0002c000 08:01 13503614                   /usr/lib/jvm/java-8-openjdk-amd64/jre/lib/amd64/libjava.so
7fa364fac000-7fa364fae000 rw-p 0002d000 08:01 13503614                   /usr/lib/jvm/java-8-openjdk-amd64/jre/lib/amd64/libjava.so
7fa364fae000-7fa364fbd000 r-xp 00000000 08:01 13503623                   /usr/lib/jvm/java-8-openjdk-amd64/jre/lib/amd64/libverify.so
7fa364fbd000-7fa3651bc000 ---p 0000f000 08:01 13503623                   /usr/lib/jvm/java-8-openjdk-amd64/jre/lib/amd64/libverify.so
7fa3651bc000-7fa3651be000 r--p 0000e000 08:01 13503623                   /usr/lib/jvm/java-8-openjdk-amd64/jre/lib/amd64/libverify.so
7fa3651be000-7fa3651bf000 rw-p 00010000 08:01 13503623                   /usr/lib/jvm/java-8-openjdk-amd64/jre/lib/amd64/libverify.so
7fa3651bf000-7fa3651c6000 r-xp 00000000 08:01 6033892                    /lib/x86_64-linux-gnu/librt-2.23.so
7fa3651c6000-7fa3653c5000 ---p 00007000 08:01 6033892                    /lib/x86_64-linux-gnu/librt-2.23.so
7fa3653c5000-7fa3653c6000 r--p 00006000 08:01 6033892                    /lib/x86_64-linux-gnu/librt-2.23.so
7fa3653c6000-7fa3653c7000 rw-p 00007000 08:01 6033892                    /lib/x86_64-linux-gnu/librt-2.23.so
7fa3653c7000-7fa3653dd000 r-xp 00000000 08:01 6033912                    /lib/x86_64-linux-gnu/libgcc_s.so.1
7fa3653dd000-7fa3655dc000 ---p 00016000 08:01 6033912                    /lib/x86_64-linux-gnu/libgcc_s.so.1
7fa3655dc000-7fa3655dd000 rw-p 00015000 08:01 6033912                    /lib/x86_64-linux-gnu/libgcc_s.so.1
7fa3655dd000-7fa3656e5000 r-xp 00000000 08:01 6029317                    /lib/x86_64-linux-gnu/libm-2.23.so
7fa3656e5000-7fa3658e4000 ---p 00108000 08:01 6029317                    /lib/x86_64-linux-gnu/libm-2.23.so
7fa3658e4000-7fa3658e5000 r--p 00107000 08:01 6029317                    /lib/x86_64-linux-gnu/libm-2.23.so
7fa3658e5000-7fa3658e6000 rw-p 00108000 08:01 6029317                    /lib/x86_64-linux-gnu/libm-2.23.so
7fa3658e6000-7fa365a58000 r-xp 00000000 08:01 13372211                   /usr/lib/x86_64-linux-gnu/libstdc++.so.6.0.21
7fa365a58000-7fa365c58000 ---p 00172000 08:01 13372211                   /usr/lib/x86_64-linux-gnu/libstdc++.so.6.0.21
7fa365c58000-7fa365c62000 r--p 00172000 08:01 13372211                   /usr/lib/x86_64-linux-gnu/libstdc++.so.6.0.21
7fa365c62000-7fa365c64000 rw-p 0017c000 08:01 13372211                   /usr/lib/x86_64-linux-gnu/libstdc++.so.6.0.21
7fa365c64000-7fa365c68000 rw-p 00000000 00:00 0 
7fa365c68000-7fa3668c0000 r-xp 00000000 08:01 13503609                   /usr/lib/jvm/java-8-openjdk-amd64/jre/lib/amd64/server/libjvm.so
7fa3668c0000-7fa366ac0000 ---p 00c58000 08:01 13503609                   /usr/lib/jvm/java-8-openjdk-amd64/jre/lib/amd64/server/libjvm.so
7fa366ac0000-7fa366b53000 r--p 00c58000 08:01 13503609                   /usr/lib/jvm/java-8-openjdk-amd64/jre/lib/amd64/server/libjvm.so
7fa366b53000-7fa366b7c000 rw-p 00ceb000 08:01 13503609                   /usr/lib/jvm/java-8-openjdk-amd64/jre/lib/amd64/server/libjvm.so
7fa366b7c000-7fa366bac000 rw-p 00000000 00:00 0 
7fa366bac000-7fa366bc4000 r-xp 00000000 08:01 6029337                    /lib/x86_64-linux-gnu/libpthread-2.23.so
7fa366bc4000-7fa366dc3000 ---p 00018000 08:01 6029337                    /lib/x86_64-linux-gnu/libpthread-2.23.so
7fa366dc3000-7fa366dc4000 r--p 00017000 08:01 6029337                    /lib/x86_64-linux-gnu/libpthread-2.23.so
7fa366dc4000-7fa366dc5000 rw-p 00018000 08:01 6029337                    /lib/x86_64-linux-gnu/libpthread-2.23.so
7fa366dc5000-7fa366dc9000 rw-p 00000000 00:00 0 
7fa366dc9000-7fa366dcc000 r-xp 00000000 08:01 6029399                    /lib/x86_64-linux-gnu/libdl-2.23.so
7fa366dcc000-7fa366fcb000 ---p 00003000 08:01 6029399                    /lib/x86_64-linux-gnu/libdl-2.23.so
7fa366fcb000-7fa366fcc000 r--p 00002000 08:01 6029399                    /lib/x86_64-linux-gnu/libdl-2.23.so
7fa366fcc000-7fa366fcd000 rw-p 00003000 08:01 6029399                    /lib/x86_64-linux-gnu/libdl-2.23.so
7fa366fcd000-7fa366fe6000 r-xp 00000000 08:01 6034065                    /lib/x86_64-linux-gnu/libz.so.1.2.8
7fa366fe6000-7fa3671e5000 ---p 00019000 08:01 6034065                    /lib/x86_64-linux-gnu/libz.so.1.2.8
7fa3671e5000-7fa3671e6000 r--p 00018000 08:01 6034065                    /lib/x86_64-linux-gnu/libz.so.1.2.8
7fa3671e6000-7fa3671e7000 rw-p 00019000 08:01 6034065                    /lib/x86_64-linux-gnu/libz.so.1.2.8
7fa3671e7000-7fa3673a7000 r-xp 00000000 08:01 6029397                    /lib/x86_64-linux-gnu/libc-2.23.so
7fa3673a7000-7fa3675a7000 ---p 001c0000 08:01 6029397                    /lib/x86_64-linux-gnu/libc-2.23.so
7fa3675a7000-7fa3675ab000 r--p 001c0000 08:01 6029397                    /lib/x86_64-linux-gnu/libc-2.23.so
7fa3675ab000-7fa3675ad000 rw-p 001c4000 08:01 6029397                    /lib/x86_64-linux-gnu/libc-2.23.so
7fa3675ad000-7fa3675b1000 rw-p 00000000 00:00 0 
7fa3675b1000-7fa3675be000 r-xp 00000000 08:01 13503619                   /usr/lib/jvm/java-8-openjdk-amd64/jre/lib/amd64/jli/libjli.so
7fa3675be000-7fa3677be000 ---p 0000d000 08:01 13503619                   /usr/lib/jvm/java-8-openjdk-amd64/jre/lib/amd64/jli/libjli.so
7fa3677be000-7fa3677bf000 r--p 0000d000 08:01 13503619                   /usr/lib/jvm/java-8-openjdk-amd64/jre/lib/amd64/jli/libjli.so
7fa3677bf000-7fa3677c0000 rw-p 0000e000 08:01 13503619                   /usr/lib/jvm/java-8-openjdk-amd64/jre/lib/amd64/jli/libjli.so
7fa3677c0000-7fa3677e6000 r-xp 00000000 08:01 6029329                    /lib/x86_64-linux-gnu/ld-2.23.so
7fa3677e7000-7fa3677e8000 r--s 00000000 08:01 13503638                   /usr/lib/jvm/java-8-openjdk-amd64/jre/lib/management-agent.jar
7fa3677e8000-7fa3677ea000 r--s 00001000 08:01 13503578                   /usr/lib/jvm/java-8-openjdk-amd64/jre/lib/ext/dnsns.jar
7fa3677ea000-7fa3677eb000 r--s 00010000 08:01 13503580                   /usr/lib/jvm/java-8-openjdk-amd64/jre/lib/ext/zipfs.jar
7fa3677eb000-7fa3677ee000 r--s 00038000 08:01 13503566                   /usr/lib/jvm/java-8-openjdk-amd64/jre/lib/ext/sunpkcs11.jar
7fa3677ee000-7fa3677f0000 r--s 00008000 08:01 13503577                   /usr/lib/jvm/java-8-openjdk-amd64/jre/lib/ext/sunec.jar
7fa3677f0000-7fa3678c1000 rw-p 00000000 00:00 0 
7fa3678c1000-7fa3678c4000 ---p 00000000 00:00 0 
7fa3678c4000-7fa3679c6000 rw-p 00000000 00:00 0 
7fa3679c6000-7fa3679c7000 r--s 0000a000 08:01 13503576                   /usr/lib/jvm/java-8-openjdk-amd64/jre/lib/ext/jaccess.jar
7fa3679c7000-7fa3679da000 rw-p 00000000 00:00 0 
7fa3679da000-7fa3679e2000 rw-s 00000000 08:01 16517806                   /tmp/hsperfdata_lookuut/12019
7fa3679e2000-7fa3679e3000 rw-p 00000000 00:00 0 
7fa3679e3000-7fa3679e4000 ---p 00000000 00:00 0 
7fa3679e4000-7fa3679e5000 rw-p 00000000 00:00 0 
7fa3679e5000-7fa3679e6000 r--p 00025000 08:01 6029329                    /lib/x86_64-linux-gnu/ld-2.23.so
7fa3679e6000-7fa3679e7000 rw-p 00026000 08:01 6029329                    /lib/x86_64-linux-gnu/ld-2.23.so
7fa3679e7000-7fa3679e8000 rw-p 00000000 00:00 0 
7ffd638de000-7ffd63900000 rw-p 00000000 00:00 0                          [stack]
7ffd6399a000-7ffd6399d000 r--p 00000000 00:00 0                          [vvar]
7ffd6399d000-7ffd6399f000 r-xp 00000000 00:00 0                          [vdso]
ffffffffff600000-ffffffffff601000 r-xp 00000000 00:00 0                  [vsyscall]

VM Arguments:
jvm_args: -javaagent:/home/lookuut/Downloads/idea-IC-173.4301.25/lib/idea_rt.jar=42873:/home/lookuut/Downloads/idea-IC-173.4301.25/bin -Dfile.encoding=UTF-8 
java_command: com.agario.Main net log_enabled
java_class_path (initial): /usr/lib/jvm/java-1.8.0-openjdk-amd64/jre/lib/charsets.jar:/usr/lib/jvm/java-1.8.0-openjdk-amd64/jre/lib/ext/cldrdata.jar:/usr/lib/jvm/java-1.8.0-openjdk-amd64/jre/lib/ext/dnsns.jar:/usr/lib/jvm/java-1.8.0-openjdk-amd64/jre/lib/ext/icedtea-sound.jar:/usr/lib/jvm/java-1.8.0-openjdk-amd64/jre/lib/ext/jaccess.jar:/usr/lib/jvm/java-1.8.0-openjdk-amd64/jre/lib/ext/localedata.jar:/usr/lib/jvm/java-1.8.0-openjdk-amd64/jre/lib/ext/nashorn.jar:/usr/lib/jvm/java-1.8.0-openjdk-amd64/jre/lib/ext/sunec.jar:/usr/lib/jvm/java-1.8.0-openjdk-amd64/jre/lib/ext/sunjce_provider.jar:/usr/lib/jvm/java-1.8.0-openjdk-amd64/jre/lib/ext/sunpkcs11.jar:/usr/lib/jvm/java-1.8.0-openjdk-amd64/jre/lib/ext/zipfs.jar:/usr/lib/jvm/java-1.8.0-openjdk-amd64/jre/lib/jce.jar:/usr/lib/jvm/java-1.8.0-openjdk-amd64/jre/lib/jsse.jar:/usr/lib/jvm/java-1.8.0-openjdk-amd64/jre/lib/management-agent.jar:/usr/lib/jvm/java-1.8.0-openjdk-amd64/jre/lib/resources.jar:/usr/lib/jvm/java-1.8.0-openjdk-amd64/jre/lib/rt.jar:/home/lookuut/Projects/agario/target/scala-2.11/classes:/home/lookuut/.ivy2/cache/ch.qos.logback/logback-classic/jars/logback-classic-1.2.3.jar:/home/lookuut/.ivy2/cache/ch.qos.logback/logback-core/jars/logback-core-1.2.3.jar:/home/lookuut/.ivy2/cache/com.rojoma/rojoma-json-v3_2.11/jars/rojoma-json-v3_2.11-3.8.0.jar:/home/lookuut/.ivy2/cache/com.typesafe.scala-logging/scala-logging_2.11/bundles/scala-logging_2.11-3.8.0.jar:/home/lookuut/.ivy2/cache/joda-time/joda-time/jars/joda-time-2.9.9.jar:/home/lookuut/.ivy2/cache/org.scala-lang/scala-library/jars/scala-library-2.11.6.jar:/home/lookuut/.ivy2/cache/org.scala-lang/scala-reflect/jars/scala-reflect-2.11.6.jar:/home/lookuut/.ivy2/cache/org.slf4j/slf4j-api/jars/slf4j-api-1.7.25.jar:/home/lookuut/Downloads/idea-IC-173.4301.25/lib/idea_rt.jar
Launcher Type: SUN_STANDARD

Environment Variables:
PATH=/home/lookuut/bin:/home/lookuut/.local/bin:/usr/local/sbin:/usr/local/bin:/usr/sbin:/usr/bin:/sbin:/bin:/usr/games:/usr/local/games:/usr/local/cuda-9.1/bin:/snap/bin
SHELL=/bin/bash
DISPLAY=:0.0

Signal Handlers:
SIGSEGV: [libjvm.so+0xa6dcc0], sa_mask[0]=11111111011111111101111111111110, sa_flags=SA_RESTART|SA_SIGINFO
SIGBUS: [libjvm.so+0xa6dcc0], sa_mask[0]=11111111011111111101111111111110, sa_flags=SA_RESTART|SA_SIGINFO
SIGFPE: [libjvm.so+0x8b5350], sa_mask[0]=11111111011111111101111111111110, sa_flags=SA_RESTART|SA_SIGINFO
SIGPIPE: [libjvm.so+0x8b5350], sa_mask[0]=11111111011111111101111111111110, sa_flags=SA_RESTART|SA_SIGINFO
SIGXFSZ: [libjvm.so+0x8b5350], sa_mask[0]=11111111011111111101111111111110, sa_flags=SA_RESTART|SA_SIGINFO
SIGILL: [libjvm.so+0x8b5350], sa_mask[0]=11111111011111111101111111111110, sa_flags=SA_RESTART|SA_SIGINFO
SIGUSR1: SIG_DFL, sa_mask[0]=00000000000000000000000000000000, sa_flags=none
SIGUSR2: [libjvm.so+0x8b5200], sa_mask[0]=00100000000000000000000000000000, sa_flags=SA_RESTART|SA_SIGINFO
SIGHUP: [libjvm.so+0x8b56d0], sa_mask[0]=11111111011111111101111111111110, sa_flags=SA_RESTART|SA_SIGINFO
SIGINT: [libjvm.so+0x8b56d0], sa_mask[0]=11111111011111111101111111111110, sa_flags=SA_RESTART|SA_SIGINFO
SIGTERM: [libjvm.so+0x8b56d0], sa_mask[0]=11111111011111111101111111111110, sa_flags=SA_RESTART|SA_SIGINFO
SIGQUIT: [libjvm.so+0x8b56d0], sa_mask[0]=11111111011111111101111111111110, sa_flags=SA_RESTART|SA_SIGINFO


---------------  S Y S T E M  ---------------

OS:DISTRIB_ID=Ubuntu
DISTRIB_RELEASE=16.04
DISTRIB_CODENAME=xenial
DISTRIB_DESCRIPTION="Ubuntu 16.04.3 LTS"

uname:Linux 4.13.0-38-generic #43~16.04.1-Ubuntu SMP Wed Mar 14 17:48:43 UTC 2018 x86_64
libc:glibc 2.23 NPTL 2.23 
rlimit: STACK 8192k, CORE 0k, NPROC 15182, NOFILE 1048576, AS infinity
load average:3,93 4,04 4,65

/proc/meminfo:
MemTotal:        3947748 kB
MemFree:          542868 kB
MemAvailable:     714940 kB
Buffers:           39456 kB
Cached:           323232 kB
SwapCached:       111256 kB
Active:          2613524 kB
Inactive:         560472 kB
Active(anon):    2417860 kB
Inactive(anon):   404448 kB
Active(file):     195664 kB
Inactive(file):   156024 kB
Unevictable:         632 kB
Mlocked:             632 kB
SwapTotal:       4103164 kB
SwapFree:        3525116 kB
Dirty:              6444 kB
Writeback:             0 kB
AnonPages:       2794320 kB
Mapped:           169904 kB
Shmem:             10992 kB
Slab:             120396 kB
SReclaimable:      49792 kB
SUnreclaim:        70604 kB
KernelStack:        7456 kB
PageTables:        25676 kB
NFS_Unstable:          0 kB
Bounce:                0 kB
WritebackTmp:          0 kB
CommitLimit:     6077036 kB
Committed_AS:    5062988 kB
VmallocTotal:   34359738367 kB
VmallocUsed:           0 kB
VmallocChunk:          0 kB
HardwareCorrupted:     0 kB
AnonHugePages:         0 kB
ShmemHugePages:        0 kB
ShmemPmdMapped:        0 kB
CmaTotal:              0 kB
CmaFree:               0 kB
HugePages_Total:       0
HugePages_Free:        0
HugePages_Rsvd:        0
HugePages_Surp:        0
Hugepagesize:       2048 kB
DirectMap4k:      279068 kB
DirectMap2M:     3825664 kB


CPU:total 4 (initial active 4) (2 cores per cpu, 2 threads per core) family 6 model 42 stepping 7, cmov, cx8, fxsr, mmx, sse, sse2, sse3, ssse3, sse4.1, sse4.2, popcnt, avx, clmul, ht, tsc, tscinvbit

/proc/cpuinfo:
processor	: 0
vendor_id	: GenuineIntel
cpu family	: 6
model		: 42
model name	: Intel(R) Core(TM) i3-2310M CPU @ 2.10GHz
stepping	: 7
microcode	: 0x17
cpu MHz		: 1895.710
cache size	: 3072 KB
physical id	: 0
siblings	: 4
core id		: 0
cpu cores	: 2
apicid		: 0
initial apicid	: 0
fpu		: yes
fpu_exception	: yes
cpuid level	: 13
wp		: yes
flags		: fpu vme de pse tsc msr pae mce cx8 apic sep mtrr pge mca cmov pat pse36 clflush dts acpi mmx fxsr sse sse2 ss ht tm pbe syscall nx rdtscp lm constant_tsc arch_perfmon pebs bts rep_good nopl xtopology nonstop_tsc cpuid aperfmperf pni pclmulqdq dtes64 monitor ds_cpl vmx est tm2 ssse3 cx16 xtpr pdcm pcid sse4_1 sse4_2 x2apic popcnt tsc_deadline_timer xsave avx lahf_lm epb pti retpoline tpr_shadow vnmi flexpriority ept vpid xsaveopt dtherm arat pln pts
bugs		: cpu_meltdown spectre_v1 spectre_v2
bogomips	: 4190.51
clflush size	: 64
cache_alignment	: 64
address sizes	: 36 bits physical, 48 bits virtual
power management:

processor	: 1
vendor_id	: GenuineIntel
cpu family	: 6
model		: 42
model name	: Intel(R) Core(TM) i3-2310M CPU @ 2.10GHz
stepping	: 7
microcode	: 0x17
cpu MHz		: 1895.706
cache size	: 3072 KB
physical id	: 0
siblings	: 4
core id		: 1
cpu cores	: 2
apicid		: 2
initial apicid	: 2
fpu		: yes
fpu_exception	: yes
cpuid level	: 13
wp		: yes
flags		: fpu vme de pse tsc msr pae mce cx8 apic sep mtrr pge mca cmov pat pse36 clflush dts acpi mmx fxsr sse sse2 ss ht tm pbe syscall nx rdtscp lm constant_tsc arch_perfmon pebs bts rep_good nopl xtopology nonstop_tsc cpuid aperfmperf pni pclmulqdq dtes64 monitor ds_cpl vmx est tm2 ssse3 cx16 xtpr pdcm pcid sse4_1 sse4_2 x2apic popcnt tsc_deadline_timer xsave avx lahf_lm epb pti retpoline tpr_shadow vnmi flexpriority ept vpid xsaveopt dtherm arat pln pts
bugs		: cpu_meltdown spectre_v1 spectre_v2
bogomips	: 4190.51
clflush size	: 64
cache_alignment	: 64
address sizes	: 36 bits physical, 48 bits virtual
power management:

processor	: 2
vendor_id	: GenuineIntel
cpu family	: 6
model		: 42
model name	: Intel(R) Core(TM) i3-2310M CPU @ 2.10GHz
stepping	: 7
microcode	: 0x17
cpu MHz		: 1895.710
cache size	: 3072 KB
physical id	: 0
siblings	: 4
core id		: 0
cpu cores	: 2
apicid		: 1
initial apicid	: 1
fpu		: yes
fpu_exception	: yes
cpuid level	: 13
wp		: yes
flags		: fpu vme de pse tsc msr pae mce cx8 apic sep mtrr pge mca cmov pat pse36 clflush dts acpi mmx fxsr sse sse2 ss ht tm pbe syscall nx rdtscp lm constant_tsc arch_perfmon pebs bts rep_good nopl xtopology nonstop_tsc cpuid aperfmperf pni pclmulqdq dtes64 monitor ds_cpl vmx est tm2 ssse3 cx16 xtpr pdcm pcid sse4_1 sse4_2 x2apic popcnt tsc_deadline_timer xsave avx lahf_lm epb pti retpoline tpr_shadow vnmi flexpriority ept vpid xsaveopt dtherm arat pln pts
bugs		: cpu_meltdown spectre_v1 spectre_v2
bogomips	: 4190.51
clflush size	: 64
cache_alignment	: 64
address sizes	: 36 bits physical, 48 bits virtual
power management:

processor	: 3
vendor_id	: GenuineIntel
cpu family	: 6
model		: 42
model name	: Intel(R) Core(TM) i3-2310M CPU @ 2.10GHz
stepping	: 7
microcode	: 0x17
cpu MHz		: 1895.710
cache size	: 3072 KB
physical id	: 0
siblings	: 4
core id		: 1
cpu cores	: 2
apicid		: 3
initial apicid	: 3
fpu		: yes
fpu_exception	: yes
cpuid level	: 13
wp		: yes
flags		: fpu vme de pse tsc msr pae mce cx8 apic sep mtrr pge mca cmov pat pse36 clflush dts acpi mmx fxsr sse sse2 ss ht tm pbe syscall nx rdtscp lm constant_tsc arch_perfmon pebs bts rep_good nopl xtopology nonstop_tsc cpuid aperfmperf pni pclmulqdq dtes64 monitor ds_cpl vmx est tm2 ssse3 cx16 xtpr pdcm pcid sse4_1 sse4_2 x2apic popcnt tsc_deadline_timer xsave avx lahf_lm epb pti retpoline tpr_shadow vnmi flexpriority ept vpid xsaveopt dtherm arat pln pts
bugs		: cpu_meltdown spectre_v1 spectre_v2
bogomips	: 4190.51
clflush size	: 64
cache_alignment	: 64
address sizes	: 36 bits physical, 48 bits virtual
power management:



Memory: 4k page, physical 3947748k(542868k free), swap 4103164k(3525116k free)

vm_info: OpenJDK 64-Bit Server VM (25.162-b12) for linux-amd64 JRE (1.8.0_162-8u162-b12-0ubuntu0.16.04.2-b12), built on Mar 14 2018 12:11:18 by "buildd" with gcc 5.4.0 20160609

time: Wed Apr 18 11:48:17 2018
elapsed time: 143 seconds (0d 0h 2m 23s)

