#
# A fatal error has been detected by the Java Runtime Environment:
#
#  SIGSEGV (0xb) at pc=0x00007fb3385dd033, pid=3741, tid=0x00007fb31c12f700
#
# JRE version: OpenJDK Runtime Environment (8.0_162-b12) (build 1.8.0_162-8u162-b12-0ubuntu0.16.04.2-b12)
# Java VM: OpenJDK 64-Bit Server VM (25.162-b12 mixed mode linux-amd64 compressed oops)
# Problematic frame:
# j  scala.collection.mutable.HashTable$class.resize(Lscala/collection/mutable/HashTable;I)V+85
#
# Failed to write core dump. Core dumps have been disabled. To enable core dumping, try "ulimit -c unlimited" before starting Java again
#
# If you would like to submit a bug report, please visit:
#   http://bugreport.java.com/bugreport/crash.jsp
#

---------------  T H R E A D  ---------------

Current thread (0x00007fb348511800):  JavaThread "pool-1-thread-1" [_thread_in_Java, id=3774, stack(0x00007fb31c02f000,0x00007fb31c130000)]

siginfo: si_signo: 11 (SIGSEGV), si_code: 1 (SEGV_MAPERR), si_addr: 0x000000067aea79d8

Registers:
RAX=0x00000001000c2c98, RBX=0x000000067aea79c0, RCX=0x0000000000000018, RDX=0x00000000d0708d80
RSP=0x00007fb31c12e1b8, RBP=0x00007fb31c12e1f8, RSI=0x00007fb2f8000030, RDI=0x0000000000000001
R8 =0x00007fb2f8011d10, R9 =0x0000000000000000, R10=0x00007fb34e145000, R11=0x0000000000000000
R12=0x0000000000000000, R13=0x00007fb3358edffd, R14=0x00007fb31c12e238, R15=0x00007fb348511800
RIP=0x00007fb3385dd033, EFLAGS=0x0000000000010216, CSGSFS=0x002b000000000033, ERR=0x0000000000000004
  TRAPNO=0x000000000000000e

Top of Stack: (sp=0x00007fb31c12e1b8)
0x00007fb31c12e1b8:   00007fb31c12e1b8 00007fb3358edffd
0x00007fb31c12e1c8:   00007fb31c12e238 00007fb3358eefe0
0x00007fb31c12e1d8:   00007fb335b56cb8 00007fb3358ee0b0
0x00007fb31c12e1e8:   0000000000000000 00007fb31c12e240
0x00007fb31c12e1f8:   00000000f2442e18 00007fb3388fbb8c
0x00007fb31c12e208:   0000000000000000 deaddeaf00000034
0x00007fb31c12e218:   00000000da342968 deaddeaf0000001a
0x00007fb31c12e228:   00000000d55122d0 deaddeaf00000040
0x00007fb31c12e238:   00000000c6b00740 00000000c6b00740
0x00007fb31c12e248:   fffffffd00000000 3fcb597725651c73
0x00007fb31c12e258:   369a560f6f007700 00007fb31c12e290
0x00007fb31c12e268:   00007fb34c344016 00000001000aa788
0x00007fb31c12e278:   0000000000000000 4008597b523ef7e6
0x00007fb31c12e288:   0000000000000000 00007fb31c12e2e0
0x00007fb31c12e298:   00007fb33883b210 00000000c6b00740
0x00007fb31c12e2a8:   00007fb33888f7b0 00000001000aa788
0x00007fb31c12e2b8:   00000000c47afd08 000000040000000c
0x00007fb31c12e2c8:   0000002000000073 00000000f2442e18
0x00007fb31c12e2d8:   00000000f244bbb8 00000000c3c51850
0x00007fb31c12e2e8:   00000000f244bbb8 00000001000aa788
0x00007fb31c12e2f8:   c47afe8800000001 00000000c3c51810
0x00007fb31c12e308:   00000000c6b00700 4050c00000000000
0x00007fb31c12e318:   0000000000000000 00000020c47afe08
0x00007fb31c12e328:   bc8cb3b300000001 00000000f2442e40
0x00007fb31c12e338:   369a560f6f007700 00000000c47afd08
0x00007fb31c12e348:   00007fb33891ea28 00000000f2437250
0x00007fb31c12e358:   2002b6b1200272db 000000010012e8d0
0x00007fb31c12e368:   0000000100134028 0000000100000097
0x00007fb31c12e378:   3fe921fb54442d18 00000000f2437250
0x00007fb31c12e388:   00000000f2442e40 00000000c47afd08
0x00007fb31c12e398:   00000000f2437268 00000000f2442e18
0x00007fb31c12e3a8:   00000000f244bb90 0000007300000072 

Instructions: (pc=0x00007fb3385dd033)
0x00007fb3385dd013:   89 59 10 bf 01 00 00 00 48 89 79 18 48 83 c1 30
0x00007fb3385dd023:   48 89 4d e0 48 3b d8 0f 84 5b 00 00 00 8b 48 0c
0x00007fb3385dd033:   48 3b 04 0b 0f 84 4e 00 00 00 83 f9 18 0f 85 22
0x00007fb3385dd043:   00 00 00 50 48 8b c0 57 48 8b 7b 20 8b 0f 48 83 

Register to memory mapping:

RAX=0x00000001000c2c98 is pointing into metadata
RBX=0x000000067aea79c0 is an unknown value
RCX=0x0000000000000018 is an unknown value
RDX=0x00000000d0708d80 is pointing into object: 0x00000000d0708d78
scala.collection.mutable.DefaultEntry 
 - klass: 'scala/collection/mutable/DefaultEntry'
RSP=0x00007fb31c12e1b8 is pointing into the stack for thread: 0x00007fb348511800
RBP=0x00007fb31c12e1f8 is pointing into the stack for thread: 0x00007fb348511800
RSI=0x00007fb2f8000030 is an unknown value
RDI=0x0000000000000001 is an unknown value
R8 =0x00007fb2f8011d10 is an unknown value
R9 =0x0000000000000000 is an unknown value
R10=0x00007fb34e145000: <offset 0xf38000> in /usr/lib/jvm/java-8-openjdk-amd64/jre/lib/amd64/server/libjvm.so at 0x00007fb34d20d000
R11=0x0000000000000000 is an unknown value
R12=0x0000000000000000 is an unknown value
R13=0x00007fb3358edffd is pointing into metadata
R14=0x00007fb31c12e238 is pointing into the stack for thread: 0x00007fb348511800
R15=0x00007fb348511800 is a thread


Stack: [0x00007fb31c02f000,0x00007fb31c130000],  sp=0x00007fb31c12e1b8,  free space=1020k
Native frames: (J=compiled Java code, j=interpreted, Vv=VM code, C=native code)
j  scala.collection.mutable.HashTable$class.resize(Lscala/collection/mutable/HashTable;I)V+85
J 884 C2 scala.collection.mutable.HashMap.put(Ljava/lang/Object;Ljava/lang/Object;)Lscala/Option; (41 bytes) @ 0x00007fb3388fbb8c [0x00007fb3388fb660+0x52c]
J 698 C2 com.agario.Strategy$.addPrediction(Lcom/agario/utils/Point;Lcom/agario/utils/Point;ILcom/agario/utils/Point;)V (125 bytes) @ 0x00007fb33888f7b0 [0x00007fb33888e680+0x1130]
J 916 C2 scala.collection.Iterator$class.foreach(Lscala/collection/Iterator;Lscala/Function1;)V (26 bytes) @ 0x00007fb33891ea28 [0x00007fb33891e420+0x608]
J 1882 C2 com.agario.Strategy$$anonfun$preload$1$$anonfun$apply$3$$anonfun$apply$mcVI$sp$1.apply(Ljava/lang/Object;)Ljava/lang/Object; (12 bytes) @ 0x00007fb338b280b0 [0x00007fb338b27ca0+0x410]
J 916 C2 scala.collection.Iterator$class.foreach(Lscala/collection/Iterator;Lscala/Function1;)V (26 bytes) @ 0x00007fb33891e4d4 [0x00007fb33891e420+0xb4]
J 1061 C2 scala.collection.AbstractIterable.foreach(Lscala/Function1;)V (6 bytes) @ 0x00007fb3386cc01c [0x00007fb3386cbec0+0x15c]
J 1880 C1 com.agario.Strategy$$anonfun$preload$1$$anonfun$apply$3.apply$mcVI$sp(I)V (31 bytes) @ 0x00007fb338b2afc4 [0x00007fb338b2ab00+0x4c4]
J 728 C2 scala.collection.immutable.Range.foreach$mVc$sp(Lscala/Function1;)V (105 bytes) @ 0x00007fb338881d0c [0x00007fb338881c60+0xac]
j  com.agario.Strategy$$anonfun$preload$1.apply(I)Lscala/Tuple2;+160
j  com.agario.Strategy$$anonfun$preload$1.apply(Ljava/lang/Object;)Ljava/lang/Object;+5
j  scala.collection.immutable.Range.foreach(Lscala/Function1;)V+89
j  com.agario.Strategy$.preload(Lcom/agario/Config;)Ljava/lang/String;+30
j  com.agario.Main$$anon$1.call()Ljava/lang/String;+16
j  com.agario.Main$$anon$1.call()Ljava/lang/Object;+1
j  java.util.concurrent.FutureTask.run()V+42
j  java.util.concurrent.ThreadPoolExecutor.runWorker(Ljava/util/concurrent/ThreadPoolExecutor$Worker;)V+95
j  java.util.concurrent.ThreadPoolExecutor$Worker.run()V+5
j  java.lang.Thread.run()V+11
v  ~StubRoutines::call_stub
V  [libjvm.so+0x66440b]
V  [libjvm.so+0x6619e4]
V  [libjvm.so+0x661fc7]
V  [libjvm.so+0x6a5254]
V  [libjvm.so+0xa117f7]
V  [libjvm.so+0xa11cbc]
V  [libjvm.so+0x8b7222]
C  [libpthread.so.0+0x76ba]  start_thread+0xca


---------------  P R O C E S S  ---------------

Java Threads: ( => current thread )
  0x00007fb34800c800 JavaThread "DestroyJavaVM" [_thread_blocked, id=3743, stack(0x00007fb34ee66000,0x00007fb34ef67000)]
=>0x00007fb348511800 JavaThread "pool-1-thread-1" [_thread_in_Java, id=3774, stack(0x00007fb31c02f000,0x00007fb31c130000)]
  0x00007fb3482d1000 JavaThread "Service Thread" daemon [_thread_blocked, id=3770, stack(0x00007fb31f44a000,0x00007fb31f54b000)]
  0x00007fb3482c5800 JavaThread "C1 CompilerThread2" daemon [_thread_blocked, id=3769, stack(0x00007fb31f54b000,0x00007fb31f64c000)]
  0x00007fb3482c1800 JavaThread "C2 CompilerThread1" daemon [_thread_blocked, id=3768, stack(0x00007fb31f64c000,0x00007fb31f74d000)]
  0x00007fb3482bf800 JavaThread "C2 CompilerThread0" daemon [_thread_blocked, id=3767, stack(0x00007fb31f74d000,0x00007fb31f84e000)]
  0x00007fb3482b4800 JavaThread "Monitor Ctrl-Break" daemon [_thread_in_native, id=3766, stack(0x00007fb31f84e000,0x00007fb31f94f000)]
  0x00007fb348175800 JavaThread "Signal Dispatcher" daemon [_thread_blocked, id=3759, stack(0x00007fb31f9f4000,0x00007fb31faf5000)]
  0x00007fb34814d000 JavaThread "Finalizer" daemon [_thread_blocked, id=3757, stack(0x00007fb31feff000,0x00007fb320000000)]
  0x00007fb348148800 JavaThread "Reference Handler" daemon [_thread_blocked, id=3755, stack(0x00007fb3340a0000,0x00007fb3341a1000)]

Other Threads:
  0x00007fb348141000 VMThread [stack: 0x00007fb3341a1000,0x00007fb3342a2000] [id=3753]
  0x00007fb3482d3800 WatcherThread [stack: 0x00007fb31c130000,0x00007fb31c231000] [id=3771]

VM state:not at safepoint (normal execution)

VM Mutex/Monitor currently owned by a thread: None

Heap:
 PSYoungGen      total 223232K, used 151179K [0x00000000ebf00000, 0x00000000fe880000, 0x0000000100000000)
  eden space 142848K, 73% used [0x00000000ebf00000,0x00000000f263ae00,0x00000000f4a80000)
  from space 80384K, 56% used [0x00000000f9a00000,0x00000000fc668000,0x00000000fe880000)
  to   space 80896K, 0% used [0x00000000f4a80000,0x00000000f4a80000,0x00000000f9980000)
 ParOldGen       total 644608K, used 502677K [0x00000000c3c00000, 0x00000000eb180000, 0x00000000ebf00000)
  object space 644608K, 77% used [0x00000000c3c00000,0x00000000e26e56d0,0x00000000eb180000)
 Metaspace       used 11455K, capacity 11546K, committed 11776K, reserved 1058816K
  class space    used 1655K, capacity 1713K, committed 1792K, reserved 1048576K

Card table byte_map: [0x00007fb338014000,0x00007fb3381f7000] byte_map_base: 0x00007fb3379f6000

Marking Bits: (ParMarkBitMap*) 0x00007fb34e134300
 Begin Bits: [0x00007fb335daf000, 0x00007fb336cbf000)
 End Bits:   [0x00007fb336cbf000, 0x00007fb337bcf000)

Polling page: 0x00007fb34ef88000

CodeCache: size=245760Kb used=5518Kb max_used=5637Kb free=240241Kb
 bounds [0x00007fb3385b7000, 0x00007fb338b47000, 0x00007fb3475b7000]
 total_blobs=2171 nmethods=1802 adapters=283
 compilation: enabled

Compilation events (10 events):
Event: 34,073 Thread 0x00007fb3482c1800 1882       4       com.agario.Strategy$$anonfun$preload$1$$anonfun$apply$3$$anonfun$apply$mcVI$sp$1::apply (12 bytes)
Event: 34,083 Thread 0x00007fb3482c1800 nmethod 1882 0x00007fb338b27a90 code [0x00007fb338b27ca0, 0x00007fb338b28310]
Event: 35,329 Thread 0x00007fb3482c1800 1884       4       scala.collection.immutable.HashMap$HashTrieMap::size (5 bytes)
Event: 35,329 Thread 0x00007fb3482bf800 1883       4       scala.collection.immutable.HashMap$HashTrieMap::updated0 (240 bytes)
Event: 35,329 Thread 0x00007fb3482c1800 nmethod 1884 0x00007fb338aeaad0 code [0x00007fb338aeac20, 0x00007fb338aeac78]
Event: 35,409 Thread 0x00007fb3482bf800 nmethod 1883 0x00007fb338b42f50 code [0x00007fb338b43220, 0x00007fb338b44ec8]
Event: 46,273 Thread 0x00007fb3482bf800 1885       4       scala.collection.immutable.HashMap::$plus (6 bytes)
Event: 46,282 Thread 0x00007fb3482bf800 nmethod 1885 0x00007fb33879f010 code [0x00007fb33879f1e0, 0x00007fb33879f6f8]
Event: 51,308 Thread 0x00007fb3482c5800 1886       1       scala.collection.immutable.VectorBuilder::display1 (5 bytes)
Event: 51,308 Thread 0x00007fb3482c5800 nmethod 1886 0x00007fb3386f4450 code [0x00007fb3386f45a0, 0x00007fb3386f46b0]

GC Heap History (10 events):
Event: 59,955 GC heap before
{Heap before GC invocations=91 (full 7):
 PSYoungGen      total 217088K, used 136384K [0x00000000ebf00000, 0x00000000ff380000, 0x0000000100000000)
  eden space 113664K, 100% used [0x00000000ebf00000,0x00000000f2e00000,0x00000000f2e00000)
  from space 103424K, 21% used [0x00000000f2e00000,0x00000000f4430000,0x00000000f9300000)
  to   space 98816K, 0% used [0x00000000f9300000,0x00000000f9300000,0x00000000ff380000)
 ParOldGen       total 644608K, used 502677K [0x00000000c3c00000, 0x00000000eb180000, 0x00000000ebf00000)
  object space 644608K, 77% used [0x00000000c3c00000,0x00000000e26e56d0,0x00000000eb180000)
 Metaspace       used 11455K, capacity 11546K, committed 11776K, reserved 1058816K
  class space    used 1655K, capacity 1713K, committed 1792K, reserved 1048576K
Event: 60,050 GC heap after
Heap after GC invocations=91 (full 7):
 PSYoungGen      total 215040K, used 27104K [0x00000000ebf00000, 0x00000000fed80000, 0x0000000100000000)
  eden space 122368K, 0% used [0x00000000ebf00000,0x00000000ebf00000,0x00000000f3680000)
  from space 92672K, 29% used [0x00000000f9300000,0x00000000fad78000,0x00000000fed80000)
  to   space 93696K, 0% used [0x00000000f3680000,0x00000000f3680000,0x00000000f9200000)
 ParOldGen       total 644608K, used 502677K [0x00000000c3c00000, 0x00000000eb180000, 0x00000000ebf00000)
  object space 644608K, 77% used [0x00000000c3c00000,0x00000000e26e56d0,0x00000000eb180000)
 Metaspace       used 11455K, capacity 11546K, committed 11776K, reserved 1058816K
  class space    used 1655K, capacity 1713K, committed 1792K, reserved 1048576K
}
Event: 60,416 GC heap before
{Heap before GC invocations=92 (full 7):
 PSYoungGen      total 215040K, used 149472K [0x00000000ebf00000, 0x00000000fed80000, 0x0000000100000000)
  eden space 122368K, 100% used [0x00000000ebf00000,0x00000000f3680000,0x00000000f3680000)
  from space 92672K, 29% used [0x00000000f9300000,0x00000000fad78000,0x00000000fed80000)
  to   space 93696K, 0% used [0x00000000f3680000,0x00000000f3680000,0x00000000f9200000)
 ParOldGen       total 644608K, used 502677K [0x00000000c3c00000, 0x00000000eb180000, 0x00000000ebf00000)
  object space 644608K, 77% used [0x00000000c3c00000,0x00000000e26e56d0,0x00000000eb180000)
 Metaspace       used 11455K, capacity 11546K, committed 11776K, reserved 1058816K
  class space    used 1655K, capacity 1713K, committed 1792K, reserved 1048576K
Event: 60,517 GC heap after
Heap after GC invocations=92 (full 7):
 PSYoungGen      total 216064K, used 30848K [0x00000000ebf00000, 0x00000000feb80000, 0x0000000100000000)
  eden space 122368K, 0% used [0x00000000ebf00000,0x00000000ebf00000,0x00000000f3680000)
  from space 93696K, 32% used [0x00000000f3680000,0x00000000f54a0000,0x00000000f9200000)
  to   space 88064K, 0% used [0x00000000f9580000,0x00000000f9580000,0x00000000feb80000)
 ParOldGen       total 644608K, used 502677K [0x00000000c3c00000, 0x00000000eb180000, 0x00000000ebf00000)
  object space 644608K, 77% used [0x00000000c3c00000,0x00000000e26e56d0,0x00000000eb180000)
 Metaspace       used 11455K, capacity 11546K, committed 11776K, reserved 1058816K
  class space    used 1655K, capacity 1713K, committed 1792K, reserved 1048576K
}
Event: 60,922 GC heap before
{Heap before GC invocations=93 (full 7):
 PSYoungGen      total 216064K, used 153216K [0x00000000ebf00000, 0x00000000feb80000, 0x0000000100000000)
  eden space 122368K, 100% used [0x00000000ebf00000,0x00000000f3680000,0x00000000f3680000)
  from space 93696K, 32% used [0x00000000f3680000,0x00000000f54a0000,0x00000000f9200000)
  to   space 88064K, 0% used [0x00000000f9580000,0x00000000f9580000,0x00000000feb80000)
 ParOldGen       total 644608K, used 502677K [0x00000000c3c00000, 0x00000000eb180000, 0x00000000ebf00000)
  object space 644608K, 77% used [0x00000000c3c00000,0x00000000e26e56d0,0x00000000eb180000)
 Metaspace       used 11455K, capacity 11546K, committed 11776K, reserved 1058816K
  class space    used 1655K, capacity 1713K, committed 1792K, reserved 1048576K
Event: 61,070 GC heap after
Heap after GC invocations=93 (full 7):
 PSYoungGen      total 212480K, used 36256K [0x00000000ebf00000, 0x00000000fe400000, 0x0000000100000000)
  eden space 132096K, 0% used [0x00000000ebf00000,0x00000000ebf00000,0x00000000f4000000)
  from space 80384K, 45% used [0x00000000f9580000,0x00000000fb8e8000,0x00000000fe400000)
  to   space 83968K, 0% used [0x00000000f4000000,0x00000000f4000000,0x00000000f9200000)
 ParOldGen       total 644608K, used 502677K [0x00000000c3c00000, 0x00000000eb180000, 0x00000000ebf00000)
  object space 644608K, 77% used [0x00000000c3c00000,0x00000000e26e56d0,0x00000000eb180000)
 Metaspace       used 11455K, capacity 11546K, committed 11776K, reserved 1058816K
  class space    used 1655K, capacity 1713K, committed 1792K, reserved 1048576K
}
Event: 61,470 GC heap before
{Heap before GC invocations=94 (full 7):
 PSYoungGen      total 212480K, used 168352K [0x00000000ebf00000, 0x00000000fe400000, 0x0000000100000000)
  eden space 132096K, 100% used [0x00000000ebf00000,0x00000000f4000000,0x00000000f4000000)
  from space 80384K, 45% used [0x00000000f9580000,0x00000000fb8e8000,0x00000000fe400000)
  to   space 83968K, 0% used [0x00000000f4000000,0x00000000f4000000,0x00000000f9200000)
 ParOldGen       total 644608K, used 502677K [0x00000000c3c00000, 0x00000000eb180000, 0x00000000ebf00000)
  object space 644608K, 77% used [0x00000000c3c00000,0x00000000e26e56d0,0x00000000eb180000)
 Metaspace       used 11455K, capacity 11546K, committed 11776K, reserved 1058816K
  class space    used 1655K, capacity 1713K, committed 1792K, reserved 1048576K
Event: 61,591 GC heap after
Heap after GC invocations=94 (full 7):
 PSYoungGen      total 216064K, used 40704K [0x00000000ebf00000, 0x00000000fe980000, 0x0000000100000000)
  eden space 132096K, 0% used [0x00000000ebf00000,0x00000000ebf00000,0x00000000f4000000)
  from space 83968K, 48% used [0x00000000f4000000,0x00000000f67c0000,0x00000000f9200000)
  to   space 81408K, 0% used [0x00000000f9a00000,0x00000000f9a00000,0x00000000fe980000)
 ParOldGen       total 644608K, used 502677K [0x00000000c3c00000, 0x00000000eb180000, 0x00000000ebf00000)
  object space 644608K, 77% used [0x00000000c3c00000,0x00000000e26e56d0,0x00000000eb180000)
 Metaspace       used 11455K, capacity 11546K, committed 11776K, reserved 1058816K
  class space    used 1655K, capacity 1713K, committed 1792K, reserved 1048576K
}
Event: 62,007 GC heap before
{Heap before GC invocations=95 (full 7):
 PSYoungGen      total 216064K, used 172800K [0x00000000ebf00000, 0x00000000fe980000, 0x0000000100000000)
  eden space 132096K, 100% used [0x00000000ebf00000,0x00000000f4000000,0x00000000f4000000)
  from space 83968K, 48% used [0x00000000f4000000,0x00000000f67c0000,0x00000000f9200000)
  to   space 81408K, 0% used [0x00000000f9a00000,0x00000000f9a00000,0x00000000fe980000)
 ParOldGen       total 644608K, used 502677K [0x00000000c3c00000, 0x00000000eb180000, 0x00000000ebf00000)
  object space 644608K, 77% used [0x00000000c3c00000,0x00000000e26e56d0,0x00000000eb180000)
 Metaspace       used 11455K, capacity 11546K, committed 11776K, reserved 1058816K
  class space    used 1655K, capacity 1713K, committed 1792K, reserved 1048576K
Event: 62,142 GC heap after
Heap after GC invocations=95 (full 7):
 PSYoungGen      total 223232K, used 45472K [0x00000000ebf00000, 0x00000000fe880000, 0x0000000100000000)
  eden space 142848K, 0% used [0x00000000ebf00000,0x00000000ebf00000,0x00000000f4a80000)
  from space 80384K, 56% used [0x00000000f9a00000,0x00000000fc668000,0x00000000fe880000)
  to   space 80896K, 0% used [0x00000000f4a80000,0x00000000f4a80000,0x00000000f9980000)
 ParOldGen       total 644608K, used 502677K [0x00000000c3c00000, 0x00000000eb180000, 0x00000000ebf00000)
  object space 644608K, 77% used [0x00000000c3c00000,0x00000000e26e56d0,0x00000000eb180000)
 Metaspace       used 11455K, capacity 11546K, committed 11776K, reserved 1058816K
  class space    used 1655K, capacity 1713K, committed 1792K, reserved 1048576K
}

Deoptimization events (10 events):
Event: 22,686 Thread 0x00007fb34800c800 Uncommon trap: reason=class_check action=maybe_recompile pc=0x00007fb338888840 method=scala.runtime.BoxesRunTime.typeCode(Ljava/lang/Object;)I @ 1
Event: 22,686 Thread 0x00007fb34800c800 Uncommon trap: reason=class_check action=maybe_recompile pc=0x00007fb338958d3c method=scala.runtime.BoxesRunTime.equalsNumObject(Ljava/lang/Number;Ljava/lang/Object;)Z @ 1
Event: 23,060 Thread 0x00007fb348511800 Uncommon trap: reason=unstable_if action=reinterpret pc=0x00007fb3389dd24c method=scala.collection.immutable.VectorBuilder.result()Lscala/collection/immutable/Vector; @ 43
Event: 24,829 Thread 0x00007fb34800c800 Uncommon trap: reason=class_check action=maybe_recompile pc=0x00007fb3389dcc78 method=scala.collection.mutable.HashSet.foreach(Lscala/Function1;)V @ 33
Event: 24,829 Thread 0x00007fb34800c800 Uncommon trap: reason=class_check action=maybe_recompile pc=0x00007fb3389dcc78 method=scala.collection.mutable.HashSet.foreach(Lscala/Function1;)V @ 33
Event: 24,829 Thread 0x00007fb34800c800 Uncommon trap: reason=class_check action=maybe_recompile pc=0x00007fb3389dcc78 method=scala.collection.mutable.HashSet.foreach(Lscala/Function1;)V @ 33
Event: 24,829 Thread 0x00007fb34800c800 Uncommon trap: reason=class_check action=maybe_recompile pc=0x00007fb3389dcc78 method=scala.collection.mutable.HashSet.foreach(Lscala/Function1;)V @ 33
Event: 24,830 Thread 0x00007fb34800c800 Uncommon trap: reason=unstable_if action=reinterpret pc=0x00007fb338874e48 method=scala.runtime.BoxesRunTime.equalsNumNum(Ljava/lang/Number;Ljava/lang/Number;)Z @ 60
Event: 24,831 Thread 0x00007fb34800c800 Uncommon trap: reason=unstable_if action=reinterpret pc=0x00007fb3389f95b8 method=com.agario.navigation.BaseField.pointCell(Lcom/agario/utils/Point;)Lcom/agario/utils/Point; @ 29
Event: 62,514 Thread 0x00007fb348511800 Uncommon trap: reason=class_check action=maybe_recompile pc=0x00007fb33888426c method=scala.collection.mutable.HashTable$class.resize(Lscala/collection/mutable/HashTable;I)V @ 85

Classes redefined (0 events):
No events

Internal exceptions (10 events):
Event: 0,088 Thread 0x00007fb34800c800 Exception <a 'java/lang/NoSuchMethodError': Method sun.misc.Unsafe.defineClass(Ljava/lang/String;[BII)Ljava/lang/Class; name or signature does not match> (0x00000000ebf07ca0) thrown at [/build/openjdk-8-OdO8jS/openjdk-8-8u162-b12/src/hotspot/src/share/vm/
Event: 0,088 Thread 0x00007fb34800c800 Exception <a 'java/lang/NoSuchMethodError': Method sun.misc.Unsafe.prefetchRead(Ljava/lang/Object;J)V name or signature does not match> (0x00000000ebf07f88) thrown at [/build/openjdk-8-OdO8jS/openjdk-8-8u162-b12/src/hotspot/src/share/vm/prims/jni.cpp, lin
Event: 0,338 Thread 0x00007fb34800c800 Exception <a 'java/security/PrivilegedActionException'> (0x00000000ec2af1c8) thrown at [/build/openjdk-8-OdO8jS/openjdk-8-8u162-b12/src/hotspot/src/share/vm/prims/jvm.cpp, line 1390]
Event: 0,338 Thread 0x00007fb34800c800 Exception <a 'java/security/PrivilegedActionException'> (0x00000000ec2af3d8) thrown at [/build/openjdk-8-OdO8jS/openjdk-8-8u162-b12/src/hotspot/src/share/vm/prims/jvm.cpp, line 1390]
Event: 0,339 Thread 0x00007fb34800c800 Exception <a 'java/security/PrivilegedActionException'> (0x00000000ec2b1460) thrown at [/build/openjdk-8-OdO8jS/openjdk-8-8u162-b12/src/hotspot/src/share/vm/prims/jvm.cpp, line 1390]
Event: 0,339 Thread 0x00007fb34800c800 Exception <a 'java/security/PrivilegedActionException'> (0x00000000ec2b1670) thrown at [/build/openjdk-8-OdO8jS/openjdk-8-8u162-b12/src/hotspot/src/share/vm/prims/jvm.cpp, line 1390]
Event: 0,339 Thread 0x00007fb34800c800 Exception <a 'java/security/PrivilegedActionException'> (0x00000000ec2b2148) thrown at [/build/openjdk-8-OdO8jS/openjdk-8-8u162-b12/src/hotspot/src/share/vm/prims/jvm.cpp, line 1390]
Event: 0,339 Thread 0x00007fb34800c800 Exception <a 'java/security/PrivilegedActionException'> (0x00000000ec2b2358) thrown at [/build/openjdk-8-OdO8jS/openjdk-8-8u162-b12/src/hotspot/src/share/vm/prims/jvm.cpp, line 1390]
Event: 0,392 Thread 0x00007fb34800c800 Exception <a 'java/io/FileNotFoundException'> (0x00000000ec475208) thrown at [/build/openjdk-8-OdO8jS/openjdk-8-8u162-b12/src/hotspot/src/share/vm/prims/jni.cpp, line 709]
Event: 21,130 Thread 0x00007fb34800c800 Exception <a 'java/lang/NoSuchMethodError': org.slf4j.impl.StaticMDCBinder.getSingleton()Lorg/slf4j/impl/StaticMDCBinder;> (0x00000000f03b2908) thrown at [/build/openjdk-8-OdO8jS/openjdk-8-8u162-b12/src/hotspot/src/share/vm/interpreter/linkResolver.cpp, l

Events (10 events):
Event: 60,517 Executing VM operation: ParallelGCFailedAllocation done
Event: 60,921 Executing VM operation: ParallelGCFailedAllocation
Event: 61,070 Executing VM operation: ParallelGCFailedAllocation done
Event: 61,470 Executing VM operation: ParallelGCFailedAllocation
Event: 61,591 Executing VM operation: ParallelGCFailedAllocation done
Event: 62,007 Executing VM operation: ParallelGCFailedAllocation
Event: 62,142 Executing VM operation: ParallelGCFailedAllocation done
Event: 62,514 Thread 0x00007fb348511800 Uncommon trap: trap_request=0xffffffde fr.pc=0x00007fb33888426c
Event: 62,514 Thread 0x00007fb348511800 DEOPT PACKING pc=0x00007fb33888426c sp=0x00007fb31c12e1e0
Event: 62,514 Thread 0x00007fb348511800 DEOPT UNPACKING pc=0x00007fb3385fc47a sp=0x00007fb31c12e1a0 mode 2


Dynamic libraries:
00400000-00401000 r-xp 00000000 08:01 13503654                           /usr/lib/jvm/java-8-openjdk-amd64/jre/bin/java
00600000-00601000 r--p 00000000 08:01 13503654                           /usr/lib/jvm/java-8-openjdk-amd64/jre/bin/java
00601000-00602000 rw-p 00001000 08:01 13503654                           /usr/lib/jvm/java-8-openjdk-amd64/jre/bin/java
01dbc000-01ddd000 rw-p 00000000 00:00 0                                  [heap]
c3c00000-eb180000 rw-p 00000000 00:00 0 
eb180000-ebf00000 ---p 00000000 00:00 0 
ebf00000-fe880000 rw-p 00000000 00:00 0 
fe880000-100000000 ---p 00000000 00:00 0 
100000000-1001c0000 rw-p 00000000 00:00 0 
1001c0000-140000000 ---p 00000000 00:00 0 
7fb2f3e00000-7fb2f3fc0000 rw-p 00000000 00:00 0 
7fb2f3fc0000-7fb2f4000000 ---p 00000000 00:00 0 
7fb2f4000000-7fb2f4021000 rw-p 00000000 00:00 0 
7fb2f4021000-7fb2f8000000 ---p 00000000 00:00 0 
7fb2f8000000-7fb2f8021000 rw-p 00000000 00:00 0 
7fb2f8021000-7fb2fc000000 ---p 00000000 00:00 0 
7fb2fc000000-7fb2fc33f000 rw-p 00000000 00:00 0 
7fb2fc33f000-7fb300000000 ---p 00000000 00:00 0 
7fb300000000-7fb300021000 rw-p 00000000 00:00 0 
7fb300021000-7fb304000000 ---p 00000000 00:00 0 
7fb304000000-7fb30478b000 rw-p 00000000 00:00 0 
7fb30478b000-7fb308000000 ---p 00000000 00:00 0 
7fb308000000-7fb30877e000 rw-p 00000000 00:00 0 
7fb30877e000-7fb30c000000 ---p 00000000 00:00 0 
7fb30c000000-7fb30c021000 rw-p 00000000 00:00 0 
7fb30c021000-7fb310000000 ---p 00000000 00:00 0 
7fb310000000-7fb310021000 rw-p 00000000 00:00 0 
7fb310021000-7fb314000000 ---p 00000000 00:00 0 
7fb314000000-7fb314021000 rw-p 00000000 00:00 0 
7fb314021000-7fb318000000 ---p 00000000 00:00 0 
7fb318000000-7fb318021000 rw-p 00000000 00:00 0 
7fb318021000-7fb31c000000 ---p 00000000 00:00 0 
7fb31c02f000-7fb31c032000 ---p 00000000 00:00 0 
7fb31c032000-7fb31c130000 rw-p 00000000 00:00 0 
7fb31c130000-7fb31c131000 ---p 00000000 00:00 0 
7fb31c131000-7fb31f232000 rw-p 00000000 00:00 0 
7fb31f232000-7fb31f248000 r-xp 00000000 08:01 13503624                   /usr/lib/jvm/java-8-openjdk-amd64/jre/lib/amd64/libnet.so
7fb31f248000-7fb31f448000 ---p 00016000 08:01 13503624                   /usr/lib/jvm/java-8-openjdk-amd64/jre/lib/amd64/libnet.so
7fb31f448000-7fb31f449000 r--p 00016000 08:01 13503624                   /usr/lib/jvm/java-8-openjdk-amd64/jre/lib/amd64/libnet.so
7fb31f449000-7fb31f44a000 rw-p 00017000 08:01 13503624                   /usr/lib/jvm/java-8-openjdk-amd64/jre/lib/amd64/libnet.so
7fb31f44a000-7fb31f44d000 ---p 00000000 00:00 0 
7fb31f44d000-7fb31f54b000 rw-p 00000000 00:00 0 
7fb31f54b000-7fb31f54e000 ---p 00000000 00:00 0 
7fb31f54e000-7fb31f64c000 rw-p 00000000 00:00 0 
7fb31f64c000-7fb31f64f000 ---p 00000000 00:00 0 
7fb31f64f000-7fb31f74d000 rw-p 00000000 00:00 0 
7fb31f74d000-7fb31f750000 ---p 00000000 00:00 0 
7fb31f750000-7fb31f84e000 rw-p 00000000 00:00 0 
7fb31f84e000-7fb31f851000 ---p 00000000 00:00 0 
7fb31f851000-7fb31f94f000 rw-p 00000000 00:00 0 
7fb31f94f000-7fb31f99b000 r--s 003f3000 08:01 9964264                    /home/lookuut/.ivy2/cache/org.scala-lang/scala-reflect/jars/scala-reflect-2.11.6.jar
7fb31f99b000-7fb31f9f4000 r--s 004f6000 08:01 9964261                    /home/lookuut/.ivy2/cache/org.scala-lang/scala-library/jars/scala-library-2.11.6.jar
7fb31f9f4000-7fb31f9f7000 ---p 00000000 00:00 0 
7fb31f9f7000-7fb31faf5000 rw-p 00000000 00:00 0 
7fb31faf5000-7fb31feff000 r--p 00000000 08:01 13369536                   /usr/lib/locale/locale-archive
7fb31feff000-7fb31ff02000 ---p 00000000 00:00 0 
7fb31ff02000-7fb320000000 rw-p 00000000 00:00 0 
7fb320000000-7fb320021000 rw-p 00000000 00:00 0 
7fb320021000-7fb324000000 ---p 00000000 00:00 0 
7fb324000000-7fb324021000 rw-p 00000000 00:00 0 
7fb324021000-7fb328000000 ---p 00000000 00:00 0 
7fb328000000-7fb328021000 rw-p 00000000 00:00 0 
7fb328021000-7fb32c000000 ---p 00000000 00:00 0 
7fb32c000000-7fb32c021000 rw-p 00000000 00:00 0 
7fb32c021000-7fb330000000 ---p 00000000 00:00 0 
7fb330000000-7fb330021000 rw-p 00000000 00:00 0 
7fb330021000-7fb334000000 ---p 00000000 00:00 0 
7fb334009000-7fb33400b000 r--s 0001a000 08:01 8925732                    /home/lookuut/Downloads/idea-IC-173.4301.25/lib/idea_rt.jar
7fb33400b000-7fb33400d000 r--s 00009000 08:01 9963721                    /home/lookuut/.ivy2/cache/org.slf4j/slf4j-api/jars/slf4j-api-1.7.25.jar
7fb33400d000-7fb33401e000 r--s 0008a000 08:01 11667732                   /home/lookuut/.ivy2/cache/joda-time/joda-time/jars/joda-time-2.9.9.jar
7fb33401e000-7fb334020000 r--s 00012000 08:01 11798569                   /home/lookuut/.ivy2/cache/com.typesafe.scala-logging/scala-logging_2.11/bundles/scala-logging_2.11-3.8.0.jar
7fb334020000-7fb33403e000 r--s 00193000 08:01 16518738                   /home/lookuut/.ivy2/cache/com.rojoma/rojoma-json-v3_2.11/jars/rojoma-json-v3_2.11-3.8.0.jar
7fb33403e000-7fb334049000 r--s 00069000 08:01 16914483                   /home/lookuut/.ivy2/cache/ch.qos.logback/logback-core/jars/logback-core-1.2.3.jar
7fb334049000-7fb33404f000 r--s 00041000 08:01 16914484                   /home/lookuut/.ivy2/cache/ch.qos.logback/logback-classic/jars/logback-classic-1.2.3.jar
7fb33404f000-7fb334062000 r--s 00346000 08:01 13503639                   /usr/lib/jvm/java-8-openjdk-amd64/jre/lib/resources.jar
7fb334062000-7fb334067000 r--s 0009d000 08:01 13503599                   /usr/lib/jvm/java-8-openjdk-amd64/jre/lib/jsse.jar
7fb334067000-7fb33406a000 r--s 00015000 08:01 13503641                   /usr/lib/jvm/java-8-openjdk-amd64/jre/lib/jce.jar
7fb33406a000-7fb334085000 r--s 00394000 08:01 13503579                   /usr/lib/jvm/java-8-openjdk-amd64/jre/lib/ext/cldrdata.jar
7fb334085000-7fb3340a0000 r--s 001d6000 08:01 13503581                   /usr/lib/jvm/java-8-openjdk-amd64/jre/lib/ext/nashorn.jar
7fb3340a0000-7fb3340a3000 ---p 00000000 00:00 0 
7fb3340a3000-7fb3341a1000 rw-p 00000000 00:00 0 
7fb3341a1000-7fb3341a2000 ---p 00000000 00:00 0 
7fb3341a2000-7fb3351ff000 rw-p 00000000 00:00 0 
7fb3351ff000-7fb3353cd000 r--s 03c2c000 08:01 13503598                   /usr/lib/jvm/java-8-openjdk-amd64/jre/lib/rt.jar
7fb3353cd000-7fb337bcf000 rw-p 00000000 00:00 0 
7fb337bcf000-7fb337bd0000 ---p 00000000 00:00 0 
7fb337bd0000-7fb337cd0000 rw-p 00000000 00:00 0 
7fb337cd0000-7fb337cd1000 ---p 00000000 00:00 0 
7fb337cd1000-7fb337dd1000 rw-p 00000000 00:00 0 
7fb337dd1000-7fb337dd2000 ---p 00000000 00:00 0 
7fb337dd2000-7fb33800d000 rw-p 00000000 00:00 0 
7fb33800d000-7fb338014000 ---p 00000000 00:00 0 
7fb338014000-7fb33814f000 rw-p 00000000 00:00 0 
7fb33814f000-7fb338155000 ---p 00000000 00:00 0 
7fb338155000-7fb3381eb000 rw-p 00000000 00:00 0 
7fb3381eb000-7fb3381f6000 ---p 00000000 00:00 0 
7fb3381f6000-7fb33820e000 rw-p 00000000 00:00 0 
7fb33820e000-7fb3385b7000 ---p 00000000 00:00 0 
7fb3385b7000-7fb338b47000 rwxp 00000000 00:00 0 
7fb338b47000-7fb3475b7000 ---p 00000000 00:00 0 
7fb3475b7000-7fb3475bf000 r-xp 00000000 08:01 13503611                   /usr/lib/jvm/java-8-openjdk-amd64/jre/lib/amd64/libzip.so
7fb3475bf000-7fb3477be000 ---p 00008000 08:01 13503611                   /usr/lib/jvm/java-8-openjdk-amd64/jre/lib/amd64/libzip.so
7fb3477be000-7fb3477bf000 r--p 00007000 08:01 13503611                   /usr/lib/jvm/java-8-openjdk-amd64/jre/lib/amd64/libzip.so
7fb3477bf000-7fb3477c0000 rw-p 00008000 08:01 13503611                   /usr/lib/jvm/java-8-openjdk-amd64/jre/lib/amd64/libzip.so
7fb3477c0000-7fb3477cb000 r-xp 00000000 08:01 6029410                    /lib/x86_64-linux-gnu/libnss_files-2.23.so
7fb3477cb000-7fb3479ca000 ---p 0000b000 08:01 6029410                    /lib/x86_64-linux-gnu/libnss_files-2.23.so
7fb3479ca000-7fb3479cb000 r--p 0000a000 08:01 6029410                    /lib/x86_64-linux-gnu/libnss_files-2.23.so
7fb3479cb000-7fb3479cc000 rw-p 0000b000 08:01 6029410                    /lib/x86_64-linux-gnu/libnss_files-2.23.so
7fb3479cc000-7fb3479d2000 rw-p 00000000 00:00 0 
7fb3479d2000-7fb3479dd000 r-xp 00000000 08:01 6033891                    /lib/x86_64-linux-gnu/libnss_nis-2.23.so
7fb3479dd000-7fb347bdc000 ---p 0000b000 08:01 6033891                    /lib/x86_64-linux-gnu/libnss_nis-2.23.so
7fb347bdc000-7fb347bdd000 r--p 0000a000 08:01 6033891                    /lib/x86_64-linux-gnu/libnss_nis-2.23.so
7fb347bdd000-7fb347bde000 rw-p 0000b000 08:01 6033891                    /lib/x86_64-linux-gnu/libnss_nis-2.23.so
7fb347bde000-7fb347bf4000 r-xp 00000000 08:01 6029326                    /lib/x86_64-linux-gnu/libnsl-2.23.so
7fb347bf4000-7fb347df3000 ---p 00016000 08:01 6029326                    /lib/x86_64-linux-gnu/libnsl-2.23.so
7fb347df3000-7fb347df4000 r--p 00015000 08:01 6029326                    /lib/x86_64-linux-gnu/libnsl-2.23.so
7fb347df4000-7fb347df5000 rw-p 00016000 08:01 6029326                    /lib/x86_64-linux-gnu/libnsl-2.23.so
7fb347df5000-7fb347df7000 rw-p 00000000 00:00 0 
7fb347df7000-7fb347dff000 r-xp 00000000 08:01 6029405                    /lib/x86_64-linux-gnu/libnss_compat-2.23.so
7fb347dff000-7fb347ffe000 ---p 00008000 08:01 6029405                    /lib/x86_64-linux-gnu/libnss_compat-2.23.so
7fb347ffe000-7fb347fff000 r--p 00007000 08:01 6029405                    /lib/x86_64-linux-gnu/libnss_compat-2.23.so
7fb347fff000-7fb348000000 rw-p 00008000 08:01 6029405                    /lib/x86_64-linux-gnu/libnss_compat-2.23.so
7fb348000000-7fb348607000 rw-p 00000000 00:00 0 
7fb348607000-7fb34c000000 ---p 00000000 00:00 0 
7fb34c001000-7fb34c006000 r--s 002f9000 08:01 13503594                   /usr/lib/jvm/java-8-openjdk-amd64/jre/lib/charsets.jar
7fb34c006000-7fb34c009000 r--s 0000f000 08:01 13503569                   /usr/lib/jvm/java-8-openjdk-amd64/jre/lib/ext/icedtea-sound.jar
7fb34c009000-7fb34c00e000 r--s 0003b000 08:01 13503570                   /usr/lib/jvm/java-8-openjdk-amd64/jre/lib/ext/sunjce_provider.jar
7fb34c00e000-7fb34c018000 r--s 00116000 08:01 13503568                   /usr/lib/jvm/java-8-openjdk-amd64/jre/lib/ext/localedata.jar
7fb34c018000-7fb34c019000 ---p 00000000 00:00 0 
7fb34c019000-7fb34c119000 rw-p 00000000 00:00 0 
7fb34c119000-7fb34c123000 r-xp 00000000 08:01 13503601                   /usr/lib/jvm/java-8-openjdk-amd64/jre/lib/amd64/libinstrument.so
7fb34c123000-7fb34c322000 ---p 0000a000 08:01 13503601                   /usr/lib/jvm/java-8-openjdk-amd64/jre/lib/amd64/libinstrument.so
7fb34c322000-7fb34c323000 r--p 00009000 08:01 13503601                   /usr/lib/jvm/java-8-openjdk-amd64/jre/lib/amd64/libinstrument.so
7fb34c323000-7fb34c324000 rw-p 0000a000 08:01 13503601                   /usr/lib/jvm/java-8-openjdk-amd64/jre/lib/amd64/libinstrument.so
7fb34c324000-7fb34c351000 r-xp 00000000 08:01 13503614                   /usr/lib/jvm/java-8-openjdk-amd64/jre/lib/amd64/libjava.so
7fb34c351000-7fb34c550000 ---p 0002d000 08:01 13503614                   /usr/lib/jvm/java-8-openjdk-amd64/jre/lib/amd64/libjava.so
7fb34c550000-7fb34c551000 r--p 0002c000 08:01 13503614                   /usr/lib/jvm/java-8-openjdk-amd64/jre/lib/amd64/libjava.so
7fb34c551000-7fb34c553000 rw-p 0002d000 08:01 13503614                   /usr/lib/jvm/java-8-openjdk-amd64/jre/lib/amd64/libjava.so
7fb34c553000-7fb34c562000 r-xp 00000000 08:01 13503623                   /usr/lib/jvm/java-8-openjdk-amd64/jre/lib/amd64/libverify.so
7fb34c562000-7fb34c761000 ---p 0000f000 08:01 13503623                   /usr/lib/jvm/java-8-openjdk-amd64/jre/lib/amd64/libverify.so
7fb34c761000-7fb34c763000 r--p 0000e000 08:01 13503623                   /usr/lib/jvm/java-8-openjdk-amd64/jre/lib/amd64/libverify.so
7fb34c763000-7fb34c764000 rw-p 00010000 08:01 13503623                   /usr/lib/jvm/java-8-openjdk-amd64/jre/lib/amd64/libverify.so
7fb34c764000-7fb34c76b000 r-xp 00000000 08:01 6033892                    /lib/x86_64-linux-gnu/librt-2.23.so
7fb34c76b000-7fb34c96a000 ---p 00007000 08:01 6033892                    /lib/x86_64-linux-gnu/librt-2.23.so
7fb34c96a000-7fb34c96b000 r--p 00006000 08:01 6033892                    /lib/x86_64-linux-gnu/librt-2.23.so
7fb34c96b000-7fb34c96c000 rw-p 00007000 08:01 6033892                    /lib/x86_64-linux-gnu/librt-2.23.so
7fb34c96c000-7fb34c982000 r-xp 00000000 08:01 6033912                    /lib/x86_64-linux-gnu/libgcc_s.so.1
7fb34c982000-7fb34cb81000 ---p 00016000 08:01 6033912                    /lib/x86_64-linux-gnu/libgcc_s.so.1
7fb34cb81000-7fb34cb82000 rw-p 00015000 08:01 6033912                    /lib/x86_64-linux-gnu/libgcc_s.so.1
7fb34cb82000-7fb34cc8a000 r-xp 00000000 08:01 6029317                    /lib/x86_64-linux-gnu/libm-2.23.so
7fb34cc8a000-7fb34ce89000 ---p 00108000 08:01 6029317                    /lib/x86_64-linux-gnu/libm-2.23.so
7fb34ce89000-7fb34ce8a000 r--p 00107000 08:01 6029317                    /lib/x86_64-linux-gnu/libm-2.23.so
7fb34ce8a000-7fb34ce8b000 rw-p 00108000 08:01 6029317                    /lib/x86_64-linux-gnu/libm-2.23.so
7fb34ce8b000-7fb34cffd000 r-xp 00000000 08:01 13372211                   /usr/lib/x86_64-linux-gnu/libstdc++.so.6.0.21
7fb34cffd000-7fb34d1fd000 ---p 00172000 08:01 13372211                   /usr/lib/x86_64-linux-gnu/libstdc++.so.6.0.21
7fb34d1fd000-7fb34d207000 r--p 00172000 08:01 13372211                   /usr/lib/x86_64-linux-gnu/libstdc++.so.6.0.21
7fb34d207000-7fb34d209000 rw-p 0017c000 08:01 13372211                   /usr/lib/x86_64-linux-gnu/libstdc++.so.6.0.21
7fb34d209000-7fb34d20d000 rw-p 00000000 00:00 0 
7fb34d20d000-7fb34de65000 r-xp 00000000 08:01 13503609                   /usr/lib/jvm/java-8-openjdk-amd64/jre/lib/amd64/server/libjvm.so
7fb34de65000-7fb34e065000 ---p 00c58000 08:01 13503609                   /usr/lib/jvm/java-8-openjdk-amd64/jre/lib/amd64/server/libjvm.so
7fb34e065000-7fb34e0f8000 r--p 00c58000 08:01 13503609                   /usr/lib/jvm/java-8-openjdk-amd64/jre/lib/amd64/server/libjvm.so
7fb34e0f8000-7fb34e121000 rw-p 00ceb000 08:01 13503609                   /usr/lib/jvm/java-8-openjdk-amd64/jre/lib/amd64/server/libjvm.so
7fb34e121000-7fb34e151000 rw-p 00000000 00:00 0 
7fb34e151000-7fb34e169000 r-xp 00000000 08:01 6029337                    /lib/x86_64-linux-gnu/libpthread-2.23.so
7fb34e169000-7fb34e368000 ---p 00018000 08:01 6029337                    /lib/x86_64-linux-gnu/libpthread-2.23.so
7fb34e368000-7fb34e369000 r--p 00017000 08:01 6029337                    /lib/x86_64-linux-gnu/libpthread-2.23.so
7fb34e369000-7fb34e36a000 rw-p 00018000 08:01 6029337                    /lib/x86_64-linux-gnu/libpthread-2.23.so
7fb34e36a000-7fb34e36e000 rw-p 00000000 00:00 0 
7fb34e36e000-7fb34e371000 r-xp 00000000 08:01 6029399                    /lib/x86_64-linux-gnu/libdl-2.23.so
7fb34e371000-7fb34e570000 ---p 00003000 08:01 6029399                    /lib/x86_64-linux-gnu/libdl-2.23.so
7fb34e570000-7fb34e571000 r--p 00002000 08:01 6029399                    /lib/x86_64-linux-gnu/libdl-2.23.so
7fb34e571000-7fb34e572000 rw-p 00003000 08:01 6029399                    /lib/x86_64-linux-gnu/libdl-2.23.so
7fb34e572000-7fb34e58b000 r-xp 00000000 08:01 6034065                    /lib/x86_64-linux-gnu/libz.so.1.2.8
7fb34e58b000-7fb34e78a000 ---p 00019000 08:01 6034065                    /lib/x86_64-linux-gnu/libz.so.1.2.8
7fb34e78a000-7fb34e78b000 r--p 00018000 08:01 6034065                    /lib/x86_64-linux-gnu/libz.so.1.2.8
7fb34e78b000-7fb34e78c000 rw-p 00019000 08:01 6034065                    /lib/x86_64-linux-gnu/libz.so.1.2.8
7fb34e78c000-7fb34e94c000 r-xp 00000000 08:01 6029397                    /lib/x86_64-linux-gnu/libc-2.23.so
7fb34e94c000-7fb34eb4c000 ---p 001c0000 08:01 6029397                    /lib/x86_64-linux-gnu/libc-2.23.so
7fb34eb4c000-7fb34eb50000 r--p 001c0000 08:01 6029397                    /lib/x86_64-linux-gnu/libc-2.23.so
7fb34eb50000-7fb34eb52000 rw-p 001c4000 08:01 6029397                    /lib/x86_64-linux-gnu/libc-2.23.so
7fb34eb52000-7fb34eb56000 rw-p 00000000 00:00 0 
7fb34eb56000-7fb34eb63000 r-xp 00000000 08:01 13503619                   /usr/lib/jvm/java-8-openjdk-amd64/jre/lib/amd64/jli/libjli.so
7fb34eb63000-7fb34ed63000 ---p 0000d000 08:01 13503619                   /usr/lib/jvm/java-8-openjdk-amd64/jre/lib/amd64/jli/libjli.so
7fb34ed63000-7fb34ed64000 r--p 0000d000 08:01 13503619                   /usr/lib/jvm/java-8-openjdk-amd64/jre/lib/amd64/jli/libjli.so
7fb34ed64000-7fb34ed65000 rw-p 0000e000 08:01 13503619                   /usr/lib/jvm/java-8-openjdk-amd64/jre/lib/amd64/jli/libjli.so
7fb34ed65000-7fb34ed8b000 r-xp 00000000 08:01 6029329                    /lib/x86_64-linux-gnu/ld-2.23.so
7fb34ed8c000-7fb34ed8d000 r--s 00000000 08:01 13503638                   /usr/lib/jvm/java-8-openjdk-amd64/jre/lib/management-agent.jar
7fb34ed8d000-7fb34ed8f000 r--s 00001000 08:01 13503578                   /usr/lib/jvm/java-8-openjdk-amd64/jre/lib/ext/dnsns.jar
7fb34ed8f000-7fb34ed90000 r--s 00010000 08:01 13503580                   /usr/lib/jvm/java-8-openjdk-amd64/jre/lib/ext/zipfs.jar
7fb34ed90000-7fb34ed93000 r--s 00038000 08:01 13503566                   /usr/lib/jvm/java-8-openjdk-amd64/jre/lib/ext/sunpkcs11.jar
7fb34ed93000-7fb34ed95000 r--s 00008000 08:01 13503577                   /usr/lib/jvm/java-8-openjdk-amd64/jre/lib/ext/sunec.jar
7fb34ed95000-7fb34ee66000 rw-p 00000000 00:00 0 
7fb34ee66000-7fb34ee69000 ---p 00000000 00:00 0 
7fb34ee69000-7fb34ef6b000 rw-p 00000000 00:00 0 
7fb34ef6b000-7fb34ef6c000 r--s 0000a000 08:01 13503576                   /usr/lib/jvm/java-8-openjdk-amd64/jre/lib/ext/jaccess.jar
7fb34ef6c000-7fb34ef7f000 rw-p 00000000 00:00 0 
7fb34ef7f000-7fb34ef87000 rw-s 00000000 08:01 16517810                   /tmp/hsperfdata_lookuut/3741
7fb34ef87000-7fb34ef88000 rw-p 00000000 00:00 0 
7fb34ef88000-7fb34ef89000 r--p 00000000 00:00 0 
7fb34ef89000-7fb34ef8a000 rw-p 00000000 00:00 0 
7fb34ef8a000-7fb34ef8b000 r--p 00025000 08:01 6029329                    /lib/x86_64-linux-gnu/ld-2.23.so
7fb34ef8b000-7fb34ef8c000 rw-p 00026000 08:01 6029329                    /lib/x86_64-linux-gnu/ld-2.23.so
7fb34ef8c000-7fb34ef8d000 rw-p 00000000 00:00 0 
7ffdfb975000-7ffdfb997000 rw-p 00000000 00:00 0                          [stack]
7ffdfb99d000-7ffdfb9a0000 r--p 00000000 00:00 0                          [vvar]
7ffdfb9a0000-7ffdfb9a2000 r-xp 00000000 00:00 0                          [vdso]
ffffffffff600000-ffffffffff601000 r-xp 00000000 00:00 0                  [vsyscall]

VM Arguments:
jvm_args: -javaagent:/home/lookuut/Downloads/idea-IC-173.4301.25/lib/idea_rt.jar=39553:/home/lookuut/Downloads/idea-IC-173.4301.25/bin -Dfile.encoding=UTF-8 
java_command: com.agario.Main net log_enabled
java_class_path (initial): /usr/lib/jvm/java-1.8.0-openjdk-amd64/jre/lib/charsets.jar:/usr/lib/jvm/java-1.8.0-openjdk-amd64/jre/lib/ext/cldrdata.jar:/usr/lib/jvm/java-1.8.0-openjdk-amd64/jre/lib/ext/dnsns.jar:/usr/lib/jvm/java-1.8.0-openjdk-amd64/jre/lib/ext/icedtea-sound.jar:/usr/lib/jvm/java-1.8.0-openjdk-amd64/jre/lib/ext/jaccess.jar:/usr/lib/jvm/java-1.8.0-openjdk-amd64/jre/lib/ext/localedata.jar:/usr/lib/jvm/java-1.8.0-openjdk-amd64/jre/lib/ext/nashorn.jar:/usr/lib/jvm/java-1.8.0-openjdk-amd64/jre/lib/ext/sunec.jar:/usr/lib/jvm/java-1.8.0-openjdk-amd64/jre/lib/ext/sunjce_provider.jar:/usr/lib/jvm/java-1.8.0-openjdk-amd64/jre/lib/ext/sunpkcs11.jar:/usr/lib/jvm/java-1.8.0-openjdk-amd64/jre/lib/ext/zipfs.jar:/usr/lib/jvm/java-1.8.0-openjdk-amd64/jre/lib/jce.jar:/usr/lib/jvm/java-1.8.0-openjdk-amd64/jre/lib/jsse.jar:/usr/lib/jvm/java-1.8.0-openjdk-amd64/jre/lib/management-agent.jar:/usr/lib/jvm/java-1.8.0-openjdk-amd64/jre/lib/resources.jar:/usr/lib/jvm/java-1.8.0-openjdk-amd64/jre/lib/rt.jar:/home/lookuut/Projects/agario/target/scala-2.11/classes:/home/lookuut/.ivy2/cache/ch.qos.logback/logback-classic/jars/logback-classic-1.2.3.jar:/home/lookuut/.ivy2/cache/ch.qos.logback/logback-core/jars/logback-core-1.2.3.jar:/home/lookuut/.ivy2/cache/com.rojoma/rojoma-json-v3_2.11/jars/rojoma-json-v3_2.11-3.8.0.jar:/home/lookuut/.ivy2/cache/com.typesafe.scala-logging/scala-logging_2.11/bundles/scala-logging_2.11-3.8.0.jar:/home/lookuut/.ivy2/cache/joda-time/joda-time/jars/joda-time-2.9.9.jar:/home/lookuut/.ivy2/cache/org.scala-lang/scala-library/jars/scala-library-2.11.6.jar:/home/lookuut/.ivy2/cache/org.scala-lang/scala-reflect/jars/scala-reflect-2.11.6.jar:/home/lookuut/.ivy2/cache/org.slf4j/slf4j-api/jars/slf4j-api-1.7.25.jar:/home/lookuut/Downloads/idea-IC-173.4301.25/lib/idea_rt.jar
Launcher Type: SUN_STANDARD

Environment Variables:
PATH=/home/lookuut/bin:/home/lookuut/.local/bin:/usr/local/sbin:/usr/local/bin:/usr/sbin:/usr/bin:/sbin:/bin:/usr/games:/usr/local/games:/usr/local/cuda-9.1/bin:/snap/bin
SHELL=/bin/bash
DISPLAY=:0.0

Signal Handlers:
SIGSEGV: [libjvm.so+0xa6dcc0], sa_mask[0]=11111111011111111101111111111110, sa_flags=SA_RESTART|SA_SIGINFO
SIGBUS: [libjvm.so+0xa6dcc0], sa_mask[0]=11111111011111111101111111111110, sa_flags=SA_RESTART|SA_SIGINFO
SIGFPE: [libjvm.so+0x8b5350], sa_mask[0]=11111111011111111101111111111110, sa_flags=SA_RESTART|SA_SIGINFO
SIGPIPE: [libjvm.so+0x8b5350], sa_mask[0]=11111111011111111101111111111110, sa_flags=SA_RESTART|SA_SIGINFO
SIGXFSZ: [libjvm.so+0x8b5350], sa_mask[0]=11111111011111111101111111111110, sa_flags=SA_RESTART|SA_SIGINFO
SIGILL: [libjvm.so+0x8b5350], sa_mask[0]=11111111011111111101111111111110, sa_flags=SA_RESTART|SA_SIGINFO
SIGUSR1: SIG_DFL, sa_mask[0]=00000000000000000000000000000000, sa_flags=none
SIGUSR2: [libjvm.so+0x8b5200], sa_mask[0]=00100000000000000000000000000000, sa_flags=SA_RESTART|SA_SIGINFO
SIGHUP: [libjvm.so+0x8b56d0], sa_mask[0]=11111111011111111101111111111110, sa_flags=SA_RESTART|SA_SIGINFO
SIGINT: [libjvm.so+0x8b56d0], sa_mask[0]=11111111011111111101111111111110, sa_flags=SA_RESTART|SA_SIGINFO
SIGTERM: [libjvm.so+0x8b56d0], sa_mask[0]=11111111011111111101111111111110, sa_flags=SA_RESTART|SA_SIGINFO
SIGQUIT: [libjvm.so+0x8b56d0], sa_mask[0]=11111111011111111101111111111110, sa_flags=SA_RESTART|SA_SIGINFO


---------------  S Y S T E M  ---------------

OS:DISTRIB_ID=Ubuntu
DISTRIB_RELEASE=16.04
DISTRIB_CODENAME=xenial
DISTRIB_DESCRIPTION="Ubuntu 16.04.3 LTS"

uname:Linux 4.13.0-38-generic #43~16.04.1-Ubuntu SMP Wed Mar 14 17:48:43 UTC 2018 x86_64
libc:glibc 2.23 NPTL 2.23 
rlimit: STACK 8192k, CORE 0k, NPROC 15182, NOFILE 1048576, AS infinity
load average:3,00 3,77 2,33

/proc/meminfo:
MemTotal:        3947736 kB
MemFree:          251148 kB
MemAvailable:     713044 kB
Buffers:           64316 kB
Cached:           589020 kB
SwapCached:          284 kB
Active:          3015184 kB
Inactive:         425252 kB
Active(anon):    2674508 kB
Inactive(anon):   126868 kB
Active(file):     340676 kB
Inactive(file):   298384 kB
Unevictable:         348 kB
Mlocked:             348 kB
SwapTotal:       4103164 kB
SwapFree:        4101116 kB
Dirty:               276 kB
Writeback:             0 kB
AnonPages:       2787276 kB
Mapped:           381756 kB
Shmem:             18484 kB
Slab:             120948 kB
SReclaimable:      54896 kB
SUnreclaim:        66052 kB
KernelStack:        8496 kB
PageTables:        30404 kB
NFS_Unstable:          0 kB
Bounce:                0 kB
WritebackTmp:          0 kB
CommitLimit:     6077032 kB
Committed_AS:    5482476 kB
VmallocTotal:   34359738367 kB
VmallocUsed:           0 kB
VmallocChunk:          0 kB
HardwareCorrupted:     0 kB
AnonHugePages:         0 kB
ShmemHugePages:        0 kB
ShmemPmdMapped:        0 kB
CmaTotal:              0 kB
CmaFree:               0 kB
HugePages_Total:       0
HugePages_Free:        0
HugePages_Rsvd:        0
HugePages_Surp:        0
Hugepagesize:       2048 kB
DirectMap4k:      209436 kB
DirectMap2M:     3895296 kB


CPU:total 4 (initial active 4) (2 cores per cpu, 2 threads per core) family 6 model 42 stepping 7, cmov, cx8, fxsr, mmx, sse, sse2, sse3, ssse3, sse4.1, sse4.2, popcnt, avx, clmul, ht, tsc, tscinvbit

/proc/cpuinfo:
processor	: 0
vendor_id	: GenuineIntel
cpu family	: 6
model		: 42
model name	: Intel(R) Core(TM) i3-2310M CPU @ 2.10GHz
stepping	: 7
microcode	: 0x17
cpu MHz		: 1167.306
cache size	: 3072 KB
physical id	: 0
siblings	: 4
core id		: 0
cpu cores	: 2
apicid		: 0
initial apicid	: 0
fpu		: yes
fpu_exception	: yes
cpuid level	: 13
wp		: yes
flags		: fpu vme de pse tsc msr pae mce cx8 apic sep mtrr pge mca cmov pat pse36 clflush dts acpi mmx fxsr sse sse2 ss ht tm pbe syscall nx rdtscp lm constant_tsc arch_perfmon pebs bts rep_good nopl xtopology nonstop_tsc cpuid aperfmperf pni pclmulqdq dtes64 monitor ds_cpl vmx est tm2 ssse3 cx16 xtpr pdcm pcid sse4_1 sse4_2 x2apic popcnt tsc_deadline_timer xsave avx lahf_lm epb pti retpoline tpr_shadow vnmi flexpriority ept vpid xsaveopt dtherm arat pln pts
bugs		: cpu_meltdown spectre_v1 spectre_v2
bogomips	: 4190.71
clflush size	: 64
cache_alignment	: 64
address sizes	: 36 bits physical, 48 bits virtual
power management:

processor	: 1
vendor_id	: GenuineIntel
cpu family	: 6
model		: 42
model name	: Intel(R) Core(TM) i3-2310M CPU @ 2.10GHz
stepping	: 7
microcode	: 0x17
cpu MHz		: 1448.457
cache size	: 3072 KB
physical id	: 0
siblings	: 4
core id		: 1
cpu cores	: 2
apicid		: 2
initial apicid	: 2
fpu		: yes
fpu_exception	: yes
cpuid level	: 13
wp		: yes
flags		: fpu vme de pse tsc msr pae mce cx8 apic sep mtrr pge mca cmov pat pse36 clflush dts acpi mmx fxsr sse sse2 ss ht tm pbe syscall nx rdtscp lm constant_tsc arch_perfmon pebs bts rep_good nopl xtopology nonstop_tsc cpuid aperfmperf pni pclmulqdq dtes64 monitor ds_cpl vmx est tm2 ssse3 cx16 xtpr pdcm pcid sse4_1 sse4_2 x2apic popcnt tsc_deadline_timer xsave avx lahf_lm epb pti retpoline tpr_shadow vnmi flexpriority ept vpid xsaveopt dtherm arat pln pts
bugs		: cpu_meltdown spectre_v1 spectre_v2
bogomips	: 4190.71
clflush size	: 64
cache_alignment	: 64
address sizes	: 36 bits physical, 48 bits virtual
power management:

processor	: 2
vendor_id	: GenuineIntel
cpu family	: 6
model		: 42
model name	: Intel(R) Core(TM) i3-2310M CPU @ 2.10GHz
stepping	: 7
microcode	: 0x17
cpu MHz		: 1259.727
cache size	: 3072 KB
physical id	: 0
siblings	: 4
core id		: 0
cpu cores	: 2
apicid		: 1
initial apicid	: 1
fpu		: yes
fpu_exception	: yes
cpuid level	: 13
wp		: yes
flags		: fpu vme de pse tsc msr pae mce cx8 apic sep mtrr pge mca cmov pat pse36 clflush dts acpi mmx fxsr sse sse2 ss ht tm pbe syscall nx rdtscp lm constant_tsc arch_perfmon pebs bts rep_good nopl xtopology nonstop_tsc cpuid aperfmperf pni pclmulqdq dtes64 monitor ds_cpl vmx est tm2 ssse3 cx16 xtpr pdcm pcid sse4_1 sse4_2 x2apic popcnt tsc_deadline_timer xsave avx lahf_lm epb pti retpoline tpr_shadow vnmi flexpriority ept vpid xsaveopt dtherm arat pln pts
bugs		: cpu_meltdown spectre_v1 spectre_v2
bogomips	: 4190.71
clflush size	: 64
cache_alignment	: 64
address sizes	: 36 bits physical, 48 bits virtual
power management:

processor	: 3
vendor_id	: GenuineIntel
cpu family	: 6
model		: 42
model name	: Intel(R) Core(TM) i3-2310M CPU @ 2.10GHz
stepping	: 7
microcode	: 0x17
cpu MHz		: 1178.474
cache size	: 3072 KB
physical id	: 0
siblings	: 4
core id		: 1
cpu cores	: 2
apicid		: 3
initial apicid	: 3
fpu		: yes
fpu_exception	: yes
cpuid level	: 13
wp		: yes
flags		: fpu vme de pse tsc msr pae mce cx8 apic sep mtrr pge mca cmov pat pse36 clflush dts acpi mmx fxsr sse sse2 ss ht tm pbe syscall nx rdtscp lm constant_tsc arch_perfmon pebs bts rep_good nopl xtopology nonstop_tsc cpuid aperfmperf pni pclmulqdq dtes64 monitor ds_cpl vmx est tm2 ssse3 cx16 xtpr pdcm pcid sse4_1 sse4_2 x2apic popcnt tsc_deadline_timer xsave avx lahf_lm epb pti retpoline tpr_shadow vnmi flexpriority ept vpid xsaveopt dtherm arat pln pts
bugs		: cpu_meltdown spectre_v1 spectre_v2
bogomips	: 4190.71
clflush size	: 64
cache_alignment	: 64
address sizes	: 36 bits physical, 48 bits virtual
power management:



Memory: 4k page, physical 3947736k(251132k free), swap 4103164k(4101116k free)

vm_info: OpenJDK 64-Bit Server VM (25.162-b12) for linux-amd64 JRE (1.8.0_162-8u162-b12-0ubuntu0.16.04.2-b12), built on Mar 14 2018 12:11:18 by "buildd" with gcc 5.4.0 20160609

time: Tue Apr 17 21:55:52 2018
elapsed time: 62 seconds (0d 0h 1m 2s)

